TN:
SF:/Users/jocastab/Projects/CPP3_BrickGame_v2.0/src/brick_game/snake/SnakeModel.cpp
FN:104,112,_ZN3s2110SnakeModel8initGameEv
FN:11,13,_ZN3s2110SnakeModel12setDirectionE9Direction
FN:115,118,_ZN3s2110SnakeModel9startGameEv
FN:121,124,_ZN3s2110SnakeModel8exitGameEv
FN:128,135,_ZN3s2110SnakeModel11updateSnakeE9Direction
FN:138,144,_ZN3s2110SnakeModel10loadRecordEv
FN:147,153,_ZN3s2110SnakeModel10saveRecordEv
FN:157,159,_ZNK3s2110SnakeModel12getDirectionEv
FN:163,165,_ZNK3s2110SnakeModel8getSnakeEv
FN:169,171,_ZNK3s2110SnakeModel7getFoodEv
FN:17,26,_ZN3s2110SnakeModel10getNewHeadEv
FN:175,186,_ZN3s2110SnakeModel7addFoodEv
FN:189,194,_ZN3s2110SnakeModel9initSnakeEv
FN:199,208,_ZN3s2110SnakeModel11getGameInfoEP10GameInfo_t
FN:212,214,_ZN3s2110SnakeModel8getSpeedEv
FN:218,222,_ZN3s2110SnakeModel9saveSnakeEP10GameInfo_t
FN:226,228,_ZN3s2110SnakeModel8saveFoodEP10GameInfo_t
FN:232,238,_ZN3s2110SnakeModel10clearFieldEP10GameInfo_t
FN:241,243,_ZN3s2110SnakeModel8gameLoopEPb
FN:247,249,_ZNK3s2110SnakeModel8getStateEv
FN:251,253,_ZNK3s2110SnakeModel8getLevelEv
FN:255,257,_ZNK3s2110SnakeModel8getScoreEv
FN:259,261,_ZNK3s2110SnakeModel12getHighScoreEv
FN:263,265,_ZN3s2110SnakeModel7setFoodESt4pairIiiE
FN:31,34,_ZN3s2110SnakeModel15checkIsCollapseESt4pairIiiE
FN:38,42,_ZN3s2110SnakeModel9moveSnakeESt4pairIiiE
FN:45,48,_ZN3s2110SnakeModel7eatFoodEv
FN:51,55,_ZN3s2110SnakeModel13increaseScoreEv
FN:58,60,_ZN3s2110SnakeModel13increaseLevelEv
FN:63,65,_ZN3s2110SnakeModel17increaseHighScoreEv
FN:69,83,_ZN3s2110SnakeModel11updateModelE10UserActionPb
FN:88,101,_ZN3s2110SnakeModel17convertUserActionE12UserAction_t
FNDA:22,_ZN3s2110SnakeModel8initGameEv
FNDA:42,_ZN3s2110SnakeModel12setDirectionE9Direction
FNDA:22,_ZN3s2110SnakeModel9startGameEv
FNDA:1,_ZN3s2110SnakeModel8exitGameEv
FNDA:29,_ZN3s2110SnakeModel11updateSnakeE9Direction
FNDA:22,_ZN3s2110SnakeModel10loadRecordEv
FNDA:1,_ZN3s2110SnakeModel10saveRecordEv
FNDA:1,_ZNK3s2110SnakeModel12getDirectionEv
FNDA:25,_ZNK3s2110SnakeModel8getSnakeEv
FNDA:2,_ZNK3s2110SnakeModel7getFoodEv
FNDA:29,_ZN3s2110SnakeModel10getNewHeadEv
FNDA:33,_ZN3s2110SnakeModel7addFoodEv
FNDA:22,_ZN3s2110SnakeModel9initSnakeEv
FNDA:0,_ZN3s2110SnakeModel11getGameInfoEP10GameInfo_t
FNDA:2,_ZN3s2110SnakeModel8getSpeedEv
FNDA:0,_ZN3s2110SnakeModel9saveSnakeEP10GameInfo_t
FNDA:0,_ZN3s2110SnakeModel8saveFoodEP10GameInfo_t
FNDA:0,_ZN3s2110SnakeModel10clearFieldEP10GameInfo_t
FNDA:1,_ZN3s2110SnakeModel8gameLoopEPb
FNDA:6,_ZNK3s2110SnakeModel8getStateEv
FNDA:1,_ZNK3s2110SnakeModel8getLevelEv
FNDA:37,_ZNK3s2110SnakeModel8getScoreEv
FNDA:4,_ZNK3s2110SnakeModel12getHighScoreEv
FNDA:12,_ZN3s2110SnakeModel7setFoodESt4pairIiiE
FNDA:29,_ZN3s2110SnakeModel15checkIsCollapseESt4pairIiiE
FNDA:23,_ZN3s2110SnakeModel9moveSnakeESt4pairIiiE
FNDA:11,_ZN3s2110SnakeModel7eatFoodEv
FNDA:43,_ZN3s2110SnakeModel13increaseScoreEv
FNDA:43,_ZN3s2110SnakeModel13increaseLevelEv
FNDA:43,_ZN3s2110SnakeModel17increaseHighScoreEv
FNDA:3,_ZN3s2110SnakeModel11updateModelE10UserActionPb
FNDA:9,_ZN3s2110SnakeModel17convertUserActionE12UserAction_t
FNF:32
FNH:28
DA:11,42
DA:12,42
DA:13,42
DA:17,29
DA:18,29
DA:19,29
DA:20,2
DA:21,2
DA:22,1
DA:23,24
DA:25,29
DA:31,29
DA:32,54
DA:33,54
DA:38,23
DA:39,23
DA:40,23
DA:41,12
DA:42,23
DA:45,11
DA:46,11
DA:47,11
DA:48,11
DA:51,43
DA:52,43
DA:53,43
DA:54,43
DA:55,43
DA:58,43
DA:59,43
DA:60,43
DA:63,43
DA:64,43
DA:65,43
DA:69,3
DA:70,3
DA:71,1
DA:72,1
DA:73,2
DA:74,2
DA:75,2
DA:76,2
DA:77,2
DA:78,2
DA:79,2
DA:80,2
DA:82,3
DA:83,3
DA:88,9
DA:89,9
DA:90,1
DA:91,1
DA:92,1
DA:93,1
DA:94,1
DA:95,1
DA:96,1
DA:97,1
DA:98,1
DA:99,0
DA:104,22
DA:105,22
DA:106,22
DA:107,22
DA:108,22
DA:109,22
DA:110,22
DA:111,22
DA:112,22
DA:115,22
DA:116,22
DA:117,22
DA:118,22
DA:121,1
DA:122,1
DA:123,1
DA:124,1
DA:128,29
DA:129,29
DA:130,29
DA:131,29
DA:132,23
DA:133,23
DA:134,6
DA:135,29
DA:138,22
DA:139,22
DA:140,22
DA:141,22
DA:142,22
DA:143,0
DA:144,22
DA:147,1
DA:148,1
DA:149,1
DA:150,1
DA:151,1
DA:153,1
DA:157,1
DA:158,1
DA:163,25
DA:164,25
DA:169,2
DA:170,2
DA:175,33
DA:176,33
DA:177,33
DA:178,33
DA:179,33
DA:180,33
DA:183,35
DA:184,35
DA:185,33
DA:186,33
DA:189,22
DA:190,22
DA:191,22
DA:192,22
DA:193,22
DA:194,22
DA:199,0
DA:200,0
DA:201,0
DA:202,0
DA:203,0
DA:204,0
DA:205,0
DA:206,0
DA:207,0
DA:208,0
DA:212,2
DA:213,2
DA:218,0
DA:219,0
DA:220,0
DA:222,0
DA:226,0
DA:227,0
DA:228,0
DA:232,0
DA:233,0
DA:234,0
DA:235,0
DA:238,0
DA:241,1
DA:242,1
DA:243,1
DA:247,6
DA:248,6
DA:251,1
DA:252,1
DA:255,37
DA:256,37
DA:259,4
DA:260,4
DA:263,12
DA:264,12
DA:265,12
LF:158
LH:134
end_of_record
TN:
SF:/Users/jocastab/Projects/CPP3_BrickGame_v2.0/src/brick_game/snake/SnakeModel.h
FN:22,22,_ZN3s2110SnakeModelC1Eii
FNDA:17,_ZN3s2110SnakeModelC1Eii
FNF:1
FNH:1
DA:22,17
LF:1
LH:1
end_of_record
TN:
SF:/Users/jocastab/Projects/CPP3_BrickGame_v2.0/src/gui/cli/game_input.c
FN:11,48,getAction
FN:54,57,getSignal
FNDA:156114,getAction
FNDA:0,getSignal
FNF:2
FNH:1
DA:11,156114
DA:13,156114
DA:14,4
DA:16,4
DA:17,4
DA:18,0
DA:20,0
DA:21,0
DA:22,0
DA:24,0
DA:25,0
DA:26,1
DA:28,1
DA:29,1
DA:30,0
DA:31,0
DA:32,0
DA:33,0
DA:34,0
DA:35,0
DA:36,2
DA:37,2
DA:38,2
DA:39,0
DA:41,0
DA:42,0
DA:43,156107
DA:44,156107
DA:45,156107
DA:47,156114
DA:54,0
DA:55,0
DA:56,0
LF:33
LH:15
end_of_record
TN:
SF:/Users/jocastab/Projects/CPP3_BrickGame_v2.0/src/gui/cli/game_loop.c
FN:10,33,GameLoop
FN:39,43,getDefaultAction
FNDA:0,GameLoop
FNDA:0,getDefaultAction
FNF:2
FNH:0
DA:10,0
DA:11,0
DA:12,0
DA:13,0
DA:14,0
DA:16,0
DA:17,0
DA:18,0
DA:19,0
DA:20,0
DA:21,0
DA:22,0
DA:23,0
DA:24,0
DA:25,0
DA:26,0
DA:27,0
DA:28,0
DA:30,0
DA:31,0
DA:32,0
DA:33,0
DA:39,0
DA:40,0
DA:41,0
DA:42,0
LF:26
LH:0
end_of_record
TN:
SF:/Users/jocastab/Projects/CPP3_BrickGame_v2.0/src/gui/cli/game_render.c
FN:105,107,printStatus
FN:110,118,initialScreen
FN:121,123,uninitialScreen
FN:25,28,printCell
FN:31,41,printFrames
FN:49,58,printRectangle
FN:62,64,printScore
FN:68,70,printHighScore
FN:74,76,printLevel
FN:81,88,printNextPlayer
FN:9,17,printGameBoard
FN:92,100,updateScreen
FNDA:0,printStatus
FNDA:2,initialScreen
FNDA:2,uninitialScreen
FNDA:0,printCell
FNDA:156114,printFrames
FNDA:780570,printRectangle
FNDA:0,printScore
FNDA:0,printHighScore
FNDA:0,printLevel
FNDA:0,printNextPlayer
FNDA:0,printGameBoard
FNDA:0,updateScreen
FNF:12
FNH:4
DA:9,0
DA:10,0
DA:11,0
DA:12,0
DA:13,0
DA:14,0
DA:17,0
DA:25,0
DA:26,0
DA:27,0
DA:28,0
DA:31,156114
DA:32,156114
DA:33,156114
DA:34,156114
DA:35,156114
DA:36,156114
DA:37,156114
DA:38,156114
DA:39,156114
DA:40,156114
DA:41,156114
DA:49,780570
DA:50,12020778
DA:51,5151762
DA:52,5151762
DA:53,12020778
DA:54,780570
DA:55,780570
DA:56,780570
DA:57,780570
DA:58,780570
DA:62,0
DA:63,0
DA:64,0
DA:68,0
DA:69,0
DA:70,0
DA:74,0
DA:75,0
DA:76,0
DA:81,0
DA:82,0
DA:83,0
DA:84,0
DA:85,0
DA:88,0
DA:92,0
DA:93,0
DA:94,0
DA:95,0
DA:96,0
DA:97,0
DA:98,0
DA:99,0
DA:100,0
DA:105,0
DA:106,0
DA:107,0
DA:110,2
DA:111,2
DA:112,2
DA:113,2
DA:114,2
DA:115,2
DA:116,2
DA:117,2
DA:118,2
DA:121,2
DA:122,2
DA:123,2
LF:71
LH:33
end_of_record
TN:
SF:/Users/jocastab/Projects/CPP3_BrickGame_v2.0/src/gui/cli/main_cli.cpp
FN:5,8,main
FNDA:2,main
FNF:1
FNH:1
DA:5,2
DA:6,2
DA:7,2
LF:3
LH:3
end_of_record
TN:
SF:/Users/jocastab/Projects/CPP3_BrickGame_v2.0/src/gui/cli/main_loop.c
FN:26,35,printMainMenu
FN:39,53,updateMainMenu
FN:57,71,processinMainMenu
FN:7,22,mainLoop
FNDA:156114,printMainMenu
FNDA:156114,updateMainMenu
FNDA:2,processinMainMenu
FNDA:2,mainLoop
FNF:4
FNH:4
DA:7,2
DA:8,2
DA:9,2
DA:10,2
DA:11,2
DA:12,156116
DA:13,156114
DA:14,156114
DA:15,156114
DA:16,156114
DA:18,2
DA:20,2
DA:21,2
DA:22,2
DA:26,156114
DA:27,156114
DA:28,156114
DA:29,624456
DA:30,468342
DA:31,468342
DA:32,468342
DA:34,156114
DA:35,156114
DA:39,156114
DA:40,156114
DA:41,1
DA:42,1
DA:43,1
DA:44,4
DA:45,4
DA:46,4
DA:47,2
DA:48,2
DA:49,2
DA:50,156107
DA:51,156107
DA:53,156114
DA:57,2
DA:58,2
DA:59,0
DA:60,0
DA:61,0
DA:62,0
DA:63,0
DA:64,0
DA:65,2
DA:66,2
DA:67,2
DA:68,0
DA:69,0
DA:71,2
LF:51
LH:43
end_of_record
TN:
SF:/Users/jocastab/Projects/CPP3_BrickGame_v2.0/src/gui/cli/ui_helpers.c
FN:10,12,getTimevalDiff
FN:17,27,getIsHold
FN:33,42,TimerAction
FN:49,68,initialiseMatrix
FN:73,81,freeMatrixMemory
FNDA:0,getTimevalDiff
FNDA:0,getIsHold
FNDA:0,TimerAction
FNDA:4,initialiseMatrix
FNDA:4,freeMatrixMemory
FNF:5
FNH:2
DA:10,0
DA:11,0
DA:17,0
DA:22,0
DA:23,0
DA:24,0
DA:25,0
DA:26,0
DA:33,0
DA:34,0
DA:36,0
DA:37,0
DA:38,0
DA:39,0
DA:40,0
DA:41,0
DA:49,4
DA:50,4
DA:51,4
DA:52,4
DA:53,52
DA:54,48
DA:55,48
DA:57,0
DA:58,0
DA:59,0
DA:60,0
DA:64,0
DA:65,0
DA:67,4
DA:73,4
DA:74,4
DA:75,52
DA:76,48
DA:78,4
DA:79,4
DA:81,4
LF:37
LH:15
end_of_record
TN:
SF:/Users/jocastab/Projects/CPP3_BrickGame_v2.0/src/tests/snake_model_tests.cpp
FN:104,104,_ZN38SnakeModelTest_InitialSnakeLength_Test8TestBodyEv
FN:104,104,_ZN38SnakeModelTest_InitialSnakeLength_TestC1Ev
FN:104,104,_ZN38SnakeModelTest_InitialSnakeLength_TestD0Ev
FN:104,104,_ZN38SnakeModelTest_InitialSnakeLength_TestD1Ev
FN:110,110,_ZN34SnakeModelTest_FoodGeneration_Test8TestBodyEv
FN:110,110,_ZN34SnakeModelTest_FoodGeneration_TestC1Ev
FN:110,110,_ZN34SnakeModelTest_FoodGeneration_TestD0Ev
FN:110,110,_ZN34SnakeModelTest_FoodGeneration_TestD1Ev
FN:120,139,_ZN33SnakeModelTest_SpeedIncrease_Test8TestBodyEv
FN:120,139,_ZN33SnakeModelTest_SpeedIncrease_TestC1Ev
FN:120,139,_ZN33SnakeModelTest_SpeedIncrease_TestD0Ev
FN:120,139,_ZN33SnakeModelTest_SpeedIncrease_TestD1Ev
FN:142,142,_ZN37SnakeModelTest_ConvertUserAction_Test8TestBodyEv
FN:142,142,_ZN37SnakeModelTest_ConvertUserAction_TestC1Ev
FN:142,142,_ZN37SnakeModelTest_ConvertUserAction_TestD0Ev
FN:142,142,_ZN37SnakeModelTest_ConvertUserAction_TestD1Ev
FN:157,157,_ZN31SnakeModelTest_MoveSnakeUp_Test8TestBodyEv
FN:157,157,_ZN31SnakeModelTest_MoveSnakeUp_TestC1Ev
FN:157,157,_ZN31SnakeModelTest_MoveSnakeUp_TestD0Ev
FN:157,157,_ZN31SnakeModelTest_MoveSnakeUp_TestD1Ev
FN:166,166,_ZN33SnakeModelTest_MoveSnakeDown_Test8TestBodyEv
FN:166,166,_ZN33SnakeModelTest_MoveSnakeDown_TestC1Ev
FN:166,166,_ZN33SnakeModelTest_MoveSnakeDown_TestD0Ev
FN:166,166,_ZN33SnakeModelTest_MoveSnakeDown_TestD1Ev
FN:185,185,_ZN37SnakeModelTest_CollisionWithSelf_Test8TestBodyEv
FN:185,185,_ZN37SnakeModelTest_CollisionWithSelf_TestC1Ev
FN:185,185,_ZN37SnakeModelTest_CollisionWithSelf_TestD0Ev
FN:185,185,_ZN37SnakeModelTest_CollisionWithSelf_TestD1Ev
FN:19,19,_ZN37SnakeModelTest_CollisionWithWall_Test8TestBodyEv
FN:19,19,_ZN37SnakeModelTest_CollisionWithWall_TestC1Ev
FN:19,19,_ZN37SnakeModelTest_CollisionWithWall_TestD0Ev
FN:19,19,_ZN37SnakeModelTest_CollisionWithWall_TestD1Ev
FN:197,197,_ZN27SnakeModelTest_SetFood_Test8TestBodyEv
FN:197,197,_ZN27SnakeModelTest_SetFood_TestC1Ev
FN:197,197,_ZN27SnakeModelTest_SetFood_TestD0Ev
FN:197,197,_ZN27SnakeModelTest_SetFood_TestD1Ev
FN:205,205,_ZN28SnakeModelTest_ExitGame_Test8TestBodyEv
FN:205,205,_ZN28SnakeModelTest_ExitGame_TestC1Ev
FN:205,205,_ZN28SnakeModelTest_ExitGame_TestD0Ev
FN:205,205,_ZN28SnakeModelTest_ExitGame_TestD1Ev
FN:227,227,_ZN32SnakeModelTest_GetDirection_Test8TestBodyEv
FN:227,227,_ZN32SnakeModelTest_GetDirection_TestC1Ev
FN:227,227,_ZN32SnakeModelTest_GetDirection_TestD0Ev
FN:227,227,_ZN32SnakeModelTest_GetDirection_TestD1Ev
FN:234,234,_ZN28SnakeModelTest_GameLoop_Test8TestBodyEv
FN:234,234,_ZN28SnakeModelTest_GameLoop_TestC1Ev
FN:234,234,_ZN28SnakeModelTest_GameLoop_TestD0Ev
FN:234,234,_ZN28SnakeModelTest_GameLoop_TestD1Ev
FN:29,29,_ZN27SnakeModelTest_EatFood_Test8TestBodyEv
FN:29,29,_ZN27SnakeModelTest_EatFood_TestC1Ev
FN:29,29,_ZN27SnakeModelTest_EatFood_TestD0Ev
FN:29,29,_ZN27SnakeModelTest_EatFood_TestD1Ev
FN:45,45,_ZN33SnakeModelTest_LevelIncrease_Test8TestBodyEv
FN:45,45,_ZN33SnakeModelTest_LevelIncrease_TestC1Ev
FN:45,45,_ZN33SnakeModelTest_LevelIncrease_TestD0Ev
FN:45,45,_ZN33SnakeModelTest_LevelIncrease_TestD1Ev
FN:67,67,_ZN29SnakeModelTest_HighScore_Test8TestBodyEv
FN:67,67,_ZN29SnakeModelTest_HighScore_TestC1Ev
FN:67,67,_ZN29SnakeModelTest_HighScore_TestD0Ev
FN:67,67,_ZN29SnakeModelTest_HighScore_TestD1Ev
FN:86,86,_ZN34SnakeModelTest_GameStatePause_Test8TestBodyEv
FN:86,86,_ZN34SnakeModelTest_GameStatePause_TestC1Ev
FN:86,86,_ZN34SnakeModelTest_GameStatePause_TestD0Ev
FN:86,86,_ZN34SnakeModelTest_GameStatePause_TestD1Ev
FN:9,9,_ZN29SnakeModelTest_MoveSnake_Test8TestBodyEv
FN:9,9,_ZN29SnakeModelTest_MoveSnake_TestC1Ev
FN:9,9,_ZN29SnakeModelTest_MoveSnake_TestD0Ev
FN:9,9,_ZN29SnakeModelTest_MoveSnake_TestD1Ev
FNDA:1,_ZN38SnakeModelTest_InitialSnakeLength_Test8TestBodyEv
FNDA:1,_ZN38SnakeModelTest_InitialSnakeLength_TestC1Ev
FNDA:1,_ZN38SnakeModelTest_InitialSnakeLength_TestD0Ev
FNDA:1,_ZN38SnakeModelTest_InitialSnakeLength_TestD1Ev
FNDA:1,_ZN34SnakeModelTest_FoodGeneration_Test8TestBodyEv
FNDA:1,_ZN34SnakeModelTest_FoodGeneration_TestC1Ev
FNDA:1,_ZN34SnakeModelTest_FoodGeneration_TestD0Ev
FNDA:1,_ZN34SnakeModelTest_FoodGeneration_TestD1Ev
FNDA:1,_ZN33SnakeModelTest_SpeedIncrease_Test8TestBodyEv
FNDA:1,_ZN33SnakeModelTest_SpeedIncrease_TestC1Ev
FNDA:1,_ZN33SnakeModelTest_SpeedIncrease_TestD0Ev
FNDA:1,_ZN33SnakeModelTest_SpeedIncrease_TestD1Ev
FNDA:1,_ZN37SnakeModelTest_ConvertUserAction_Test8TestBodyEv
FNDA:1,_ZN37SnakeModelTest_ConvertUserAction_TestC1Ev
FNDA:1,_ZN37SnakeModelTest_ConvertUserAction_TestD0Ev
FNDA:1,_ZN37SnakeModelTest_ConvertUserAction_TestD1Ev
FNDA:1,_ZN31SnakeModelTest_MoveSnakeUp_Test8TestBodyEv
FNDA:1,_ZN31SnakeModelTest_MoveSnakeUp_TestC1Ev
FNDA:1,_ZN31SnakeModelTest_MoveSnakeUp_TestD0Ev
FNDA:1,_ZN31SnakeModelTest_MoveSnakeUp_TestD1Ev
FNDA:1,_ZN33SnakeModelTest_MoveSnakeDown_Test8TestBodyEv
FNDA:1,_ZN33SnakeModelTest_MoveSnakeDown_TestC1Ev
FNDA:1,_ZN33SnakeModelTest_MoveSnakeDown_TestD0Ev
FNDA:1,_ZN33SnakeModelTest_MoveSnakeDown_TestD1Ev
FNDA:1,_ZN37SnakeModelTest_CollisionWithSelf_Test8TestBodyEv
FNDA:1,_ZN37SnakeModelTest_CollisionWithSelf_TestC1Ev
FNDA:1,_ZN37SnakeModelTest_CollisionWithSelf_TestD0Ev
FNDA:1,_ZN37SnakeModelTest_CollisionWithSelf_TestD1Ev
FNDA:1,_ZN37SnakeModelTest_CollisionWithWall_Test8TestBodyEv
FNDA:1,_ZN37SnakeModelTest_CollisionWithWall_TestC1Ev
FNDA:1,_ZN37SnakeModelTest_CollisionWithWall_TestD0Ev
FNDA:1,_ZN37SnakeModelTest_CollisionWithWall_TestD1Ev
FNDA:1,_ZN27SnakeModelTest_SetFood_Test8TestBodyEv
FNDA:1,_ZN27SnakeModelTest_SetFood_TestC1Ev
FNDA:1,_ZN27SnakeModelTest_SetFood_TestD0Ev
FNDA:1,_ZN27SnakeModelTest_SetFood_TestD1Ev
FNDA:1,_ZN28SnakeModelTest_ExitGame_Test8TestBodyEv
FNDA:1,_ZN28SnakeModelTest_ExitGame_TestC1Ev
FNDA:1,_ZN28SnakeModelTest_ExitGame_TestD0Ev
FNDA:1,_ZN28SnakeModelTest_ExitGame_TestD1Ev
FNDA:1,_ZN32SnakeModelTest_GetDirection_Test8TestBodyEv
FNDA:1,_ZN32SnakeModelTest_GetDirection_TestC1Ev
FNDA:1,_ZN32SnakeModelTest_GetDirection_TestD0Ev
FNDA:1,_ZN32SnakeModelTest_GetDirection_TestD1Ev
FNDA:1,_ZN28SnakeModelTest_GameLoop_Test8TestBodyEv
FNDA:1,_ZN28SnakeModelTest_GameLoop_TestC1Ev
FNDA:1,_ZN28SnakeModelTest_GameLoop_TestD0Ev
FNDA:1,_ZN28SnakeModelTest_GameLoop_TestD1Ev
FNDA:1,_ZN27SnakeModelTest_EatFood_Test8TestBodyEv
FNDA:1,_ZN27SnakeModelTest_EatFood_TestC1Ev
FNDA:1,_ZN27SnakeModelTest_EatFood_TestD0Ev
FNDA:1,_ZN27SnakeModelTest_EatFood_TestD1Ev
FNDA:1,_ZN33SnakeModelTest_LevelIncrease_Test8TestBodyEv
FNDA:1,_ZN33SnakeModelTest_LevelIncrease_TestC1Ev
FNDA:1,_ZN33SnakeModelTest_LevelIncrease_TestD0Ev
FNDA:1,_ZN33SnakeModelTest_LevelIncrease_TestD1Ev
FNDA:1,_ZN29SnakeModelTest_HighScore_Test8TestBodyEv
FNDA:1,_ZN29SnakeModelTest_HighScore_TestC1Ev
FNDA:1,_ZN29SnakeModelTest_HighScore_TestD0Ev
FNDA:1,_ZN29SnakeModelTest_HighScore_TestD1Ev
FNDA:1,_ZN34SnakeModelTest_GameStatePause_Test8TestBodyEv
FNDA:1,_ZN34SnakeModelTest_GameStatePause_TestC1Ev
FNDA:1,_ZN34SnakeModelTest_GameStatePause_TestD0Ev
FNDA:1,_ZN34SnakeModelTest_GameStatePause_TestD1Ev
FNDA:1,_ZN29SnakeModelTest_MoveSnake_Test8TestBodyEv
FNDA:1,_ZN29SnakeModelTest_MoveSnake_TestC1Ev
FNDA:1,_ZN29SnakeModelTest_MoveSnake_TestD0Ev
FNDA:1,_ZN29SnakeModelTest_MoveSnake_TestD1Ev
FNF:68
FNH:68
DA:9,4
DA:10,1
DA:11,1
DA:12,1
DA:13,1
DA:14,1
DA:15,1
DA:16,1
DA:19,4
DA:20,1
DA:21,1
DA:22,11
DA:23,10
DA:25,1
DA:26,1
DA:29,4
DA:30,1
DA:33,1
DA:34,1
DA:35,1
DA:37,1
DA:38,1
DA:40,1
DA:41,1
DA:42,1
DA:45,4
DA:46,1
DA:48,6
DA:50,5
DA:51,5
DA:52,5
DA:55,5
DA:56,5
DA:59,5
DA:63,1
DA:64,1
DA:67,4
DA:68,1
DA:71,1
DA:74,1
DA:77,17
DA:78,16
DA:82,1
DA:83,1
DA:86,4
DA:87,1
DA:90,1
DA:91,1
DA:94,1
DA:95,1
DA:96,1
DA:99,1
DA:100,1
DA:101,1
DA:104,4
DA:105,1
DA:106,1
DA:107,1
DA:110,4
DA:111,1
DA:112,1
DA:113,1
DA:114,1
DA:115,1
DA:116,1
DA:117,1
DA:120,4
DA:121,1
DA:122,1
DA:125,6
DA:127,5
DA:128,5
DA:129,5
DA:132,5
DA:133,5
DA:137,1
DA:139,1
DA:142,4
DA:143,1
DA:145,1
DA:146,1
DA:147,1
DA:148,1
DA:149,1
DA:150,1
DA:151,1
DA:152,1
DA:153,1
DA:154,1
DA:157,4
DA:158,1
DA:159,1
DA:160,1
DA:161,1
DA:162,1
DA:163,1
DA:164,1
DA:166,4
DA:167,1
DA:168,1
DA:169,1
DA:170,1
DA:171,1
DA:172,1
DA:173,1
DA:185,4
DA:186,1
DA:187,1
DA:189,1
DA:190,1
DA:191,1
DA:192,1
DA:193,1
DA:194,1
DA:197,4
DA:198,1
DA:199,1
DA:200,1
DA:201,1
DA:202,1
DA:205,4
DA:206,1
DA:209,1
DA:212,1
DA:213,17
DA:214,16
DA:218,1
DA:219,1
DA:222,1
DA:223,1
DA:224,1
DA:227,4
DA:228,1
DA:229,1
DA:230,1
DA:231,1
DA:234,4
DA:235,1
DA:236,1
DA:237,1
DA:238,1
DA:239,1
DA:240,1
LF:143
LH:143
end_of_record
TN:
SF:/usr/local/include/c++/13/bits/alloc_traits.h
FNF:0
FNH:0
DA:482,63
DA:516,63
DA:537,226
DA:541,226
DA:561,127
DA:573,124
DA:587,1
DA:947,23
DA:948,23
LF:9
LH:9
end_of_record
TN:
SF:/usr/local/include/c++/13/bits/allocator.h
FNF:0
FNH:0
DA:163,50
DA:168,2
DA:184,34
LF:3
LH:3
end_of_record
TN:
SF:/usr/local/include/c++/13/bits/basic_string.h
FN:631,640,_ZNSt7__cxx1112basic_stringIcSt11char_traitsIcESaIcEEC1IS3_EEPKcRKS3_
FNDA:50,_ZNSt7__cxx1112basic_stringIcSt11char_traitsIcESaIcEEC1IS3_EEPKcRKS3_
FNF:1
FNH:1
DA:355,113
DA:631,50
DA:632,50
DA:635,50
DA:636,0
DA:638,50
DA:639,50
DA:640,50
LF:8
LH:7
end_of_record
TN:
SF:/usr/local/include/c++/13/bits/basic_string.tcc
FN:217,248,_ZNSt7__cxx1112basic_stringIcSt11char_traitsIcESaIcEE12_M_constructIPKcEEvT_S8_St20forward_iterator_tag
FN:235,235,_ZZNSt7__cxx1112basic_stringIcSt11char_traitsIcESaIcEE12_M_constructIPKcEEvT_S8_St20forward_iterator_tagEN6_GuardC1EPS4_
FN:238,238,_ZZNSt7__cxx1112basic_stringIcSt11char_traitsIcESaIcEE12_M_constructIPKcEEvT_S8_St20forward_iterator_tagEN6_GuardD1Ev
FNDA:141,_ZNSt7__cxx1112basic_stringIcSt11char_traitsIcESaIcEE12_M_constructIPKcEEvT_S8_St20forward_iterator_tag
FNDA:141,_ZZNSt7__cxx1112basic_stringIcSt11char_traitsIcESaIcEE12_M_constructIPKcEEvT_S8_St20forward_iterator_tagEN6_GuardC1EPS4_
FNDA:141,_ZZNSt7__cxx1112basic_stringIcSt11char_traitsIcESaIcEE12_M_constructIPKcEEvT_S8_St20forward_iterator_tagEN6_GuardD1Ev
FNF:3
FNH:3
DA:217,141
DA:221,141
DA:223,141
DA:225,28
DA:226,28
DA:235,141
DA:238,141
DA:241,141
DA:243,141
DA:245,141
DA:247,141
DA:248,141
LF:12
LH:12
end_of_record
TN:
SF:/usr/local/include/c++/13/bits/char_traits.h
FN:136,137,_ZN9__gnu_cxx11char_traitsIcE2eqERKcS3_
FN:199,206,_ZN9__gnu_cxx11char_traitsIcE6lengthEPKc
FN:403,410,_ZNSt11char_traitsIcE6lengthEPKc
FNDA:0,_ZN9__gnu_cxx11char_traitsIcE2eqERKcS3_
FNDA:0,_ZN9__gnu_cxx11char_traitsIcE6lengthEPKc
FNDA:50,_ZNSt11char_traitsIcE6lengthEPKc
FNF:3
FNH:1
DA:136,0
DA:137,0
DA:199,0
DA:202,0
DA:203,0
DA:204,0
DA:205,0
DA:403,50
DA:406,50
DA:407,0
DA:409,50
LF:11
LH:3
end_of_record
TN:
SF:/usr/local/include/c++/13/bits/cpp_type_traits.h
FN:607,608,_ZSt12__miter_baseIPSt4pairIiiEET_S3_
FNDA:24,_ZSt12__miter_baseIPSt4pairIiiEET_S3_
FNF:1
FNH:1
DA:607,24
DA:608,24
LF:2
LH:2
end_of_record
TN:
SF:/usr/local/include/c++/13/bits/move.h
FN:138,139,_ZSt9addressofIK10UserActionEPT_RS2_
FN:138,139,_ZSt9addressofIK9DirectionEPT_RS2_
FN:138,139,_ZSt9addressofIK9GameStateEPT_RS2_
FN:51,52,_ZSt11__addressofIK10UserActionEPT_RS2_
FN:51,52,_ZSt11__addressofIK9DirectionEPT_RS2_
FN:51,52,_ZSt11__addressofIK9GameStateEPT_RS2_
FN:51,52,_ZSt11__addressofISt4pairIiiEEPT_RS2_
FN:70,71,_ZSt7forwardIRKSt4pairIiiEEOT_RNSt16remove_referenceIS4_E4typeE
FN:70,71,_ZSt7forwardIRiEOT_RNSt16remove_referenceIS1_E4typeE
FN:70,71,_ZSt7forwardISt4pairIiiEEOT_RNSt16remove_referenceIS2_E4typeE
FN:70,71,_ZSt7forwardIiEOT_RNSt16remove_referenceIS0_E4typeE
FN:97,98,_ZSt4moveIRPNSt7__cxx1112basic_stringIcSt11char_traitsIcESaIcEEEEONSt16remove_referenceIT_E4typeEOS9_
FN:97,98,_ZSt4moveIRPNSt7__cxx1118basic_stringstreamIcSt11char_traitsIcESaIcEEEEONSt16remove_referenceIT_E4typeEOS9_
FN:97,98,_ZSt4moveIRSt4pairIiiEEONSt16remove_referenceIT_E4typeEOS4_
FNDA:0,_ZSt9addressofIK10UserActionEPT_RS2_
FNDA:0,_ZSt9addressofIK9DirectionEPT_RS2_
FNDA:0,_ZSt9addressofIK9GameStateEPT_RS2_
FNDA:0,_ZSt11__addressofIK10UserActionEPT_RS2_
FNDA:0,_ZSt11__addressofIK9DirectionEPT_RS2_
FNDA:0,_ZSt11__addressofIK9GameStateEPT_RS2_
FNDA:337,_ZSt11__addressofISt4pairIiiEEPT_RS2_
FNDA:73,_ZSt7forwardIRKSt4pairIiiEEOT_RNSt16remove_referenceIS4_E4typeE
FNDA:11,_ZSt7forwardIRiEOT_RNSt16remove_referenceIS1_E4typeE
FNDA:557,_ZSt7forwardISt4pairIiiEEOT_RNSt16remove_referenceIS2_E4typeE
FNDA:508,_ZSt7forwardIiEOT_RNSt16remove_referenceIS0_E4typeE
FNDA:0,_ZSt4moveIRPNSt7__cxx1112basic_stringIcSt11char_traitsIcESaIcEEEEONSt16remove_referenceIT_E4typeEOS9_
FNDA:0,_ZSt4moveIRPNSt7__cxx1118basic_stringstreamIcSt11char_traitsIcESaIcEEEEONSt16remove_referenceIT_E4typeEOS9_
FNDA:263,_ZSt4moveIRSt4pairIiiEEONSt16remove_referenceIT_E4typeEOS4_
FNF:14
FNH:6
DA:51,337
DA:52,337
DA:70,1149
DA:71,1149
DA:97,263
DA:98,263
DA:138,0
DA:139,0
LF:8
LH:6
end_of_record
TN:
SF:/usr/local/include/c++/13/bits/new_allocator.h
FN:100,100,_ZNSt15__new_allocatorISt4pairIiiEED2Ev
FN:100,100,_ZNSt15__new_allocatorIcED2Ev
FN:122,148,_ZNSt15__new_allocatorISt4pairIiiEE8allocateEmPKv
FN:152,169,_ZNSt15__new_allocatorISt4pairIiiEE10deallocateEPS1_m
FNDA:19,_ZNSt15__new_allocatorISt4pairIiiEED2Ev
FNDA:50,_ZNSt15__new_allocatorIcED2Ev
FNDA:63,_ZNSt15__new_allocatorISt4pairIiiEE8allocateEmPKv
FNDA:63,_ZNSt15__new_allocatorISt4pairIiiEE10deallocateEPS1_m
FNF:4
FNH:4
DA:88,50
DA:92,2
DA:100,69
DA:122,63
DA:130,63
DA:134,0
DA:135,0
DA:136,0
DA:147,63
DA:152,63
DA:168,63
DA:179,124
DA:187,226
DA:194,127
DA:229,187
LF:15
LH:12
end_of_record
TN:
SF:/usr/local/include/c++/13/bits/predefined_ops.h
FN:262,264,_ZN9__gnu_cxx5__ops16_Iter_equals_valIKSt4pairIiiEEC1ERS4_
FN:269,270,_ZN9__gnu_cxx5__ops16_Iter_equals_valIKSt4pairIiiEEclINS_17__normal_iteratorIPS3_St6vectorIS3_SaIS3_EEEEEEbT_
FN:276,277,_ZN9__gnu_cxx5__ops17__iter_equals_valIKSt4pairIiiEEENS0_16_Iter_equals_valIT_EERS6_
FNDA:60,_ZN9__gnu_cxx5__ops16_Iter_equals_valIKSt4pairIiiEEC1ERS4_
FNDA:285,_ZN9__gnu_cxx5__ops16_Iter_equals_valIKSt4pairIiiEEclINS_17__normal_iteratorIPS3_St6vectorIS3_SaIS3_EEEEEEbT_
FNDA:60,_ZN9__gnu_cxx5__ops17__iter_equals_valIKSt4pairIiiEEENS0_16_Iter_equals_valIT_EERS6_
FNF:3
FNH:3
DA:262,60
DA:263,60
DA:264,60
DA:269,285
DA:270,285
DA:276,60
DA:277,60
LF:7
LH:7
end_of_record
TN:
SF:/usr/local/include/c++/13/bits/random.h
FN:139,145,_ZNSt8__detail4_ModIjLj0ELj1ELj0ELb1ELb0EE6__calcEj
FN:139,145,_ZNSt8__detail4_ModIjLj624ELj1ELj0ELb1ELb1EE6__calcEj
FN:150,160,_ZNSt8__detail5__modIjLj0ELj1ELj0EEET_S1_
FN:150,160,_ZNSt8__detail5__modIjLj624ELj1ELj0EEET_S1_
FN:1658,1658,_ZNSt13random_deviceC1Ev
FN:1663,1664,_ZNSt13random_deviceD1Ev
FN:1679,1680,_ZNSt13random_deviceclEv
FN:545,546,_ZNSt23mersenne_twister_engineIjLm32ELm624ELm397ELm31ELj2567483615ELm11ELj4294967295ELm7ELj2636928640ELm15ELj4022730752ELm18ELj1812433253EEC1Ej
FNDA:20592,_ZNSt8__detail4_ModIjLj0ELj1ELj0ELb1ELb0EE6__calcEj
FNDA:20559,_ZNSt8__detail4_ModIjLj624ELj1ELj0ELb1ELb1EE6__calcEj
FNDA:20592,_ZNSt8__detail5__modIjLj0ELj1ELj0EEET_S1_
FNDA:20559,_ZNSt8__detail5__modIjLj624ELj1ELj0EEET_S1_
FNDA:33,_ZNSt13random_deviceC1Ev
FNDA:33,_ZNSt13random_deviceD1Ev
FNDA:33,_ZNSt13random_deviceclEv
FNDA:33,_ZNSt23mersenne_twister_engineIjLm32ELm624ELm397ELm31ELj2567483615ELm11ELj4294967295ELm7ELj2636928640ELm15ELj4022730752ELm18ELj1812433253EEC1Ej
FNF:8
FNH:8
DA:139,41151
DA:141,41151
DA:143,20559
DA:144,41151
DA:150,41151
DA:157,41151
DA:158,41151
DA:545,33
DA:546,33
DA:1658,99
DA:1663,33
DA:1664,33
DA:1679,33
DA:1680,33
LF:14
LH:14
end_of_record
TN:
SF:/usr/local/include/c++/13/bits/random.tcc
FN:326,343,_ZNSt23mersenne_twister_engineIjLm32ELm624ELm397ELm31ELj2567483615ELm11ELj4294967295ELm7ELj2636928640ELm15ELj4022730752ELm18ELj1812433253EE4seedEj
FN:397,425,_ZNSt23mersenne_twister_engineIjLm32ELm624ELm397ELm31ELj2567483615ELm11ELj4294967295ELm7ELj2636928640ELm15ELj4022730752ELm18ELj1812433253EE11_M_gen_randEv
FN:453,469,_ZNSt23mersenne_twister_engineIjLm32ELm624ELm397ELm31ELj2567483615ELm11ELj4294967295ELm7ELj2636928640ELm15ELj4022730752ELm18ELj1812433253EEclEv
FNDA:33,_ZNSt23mersenne_twister_engineIjLm32ELm624ELm397ELm31ELj2567483615ELm11ELj4294967295ELm7ELj2636928640ELm15ELj4022730752ELm18ELj1812433253EE4seedEj
FNDA:33,_ZNSt23mersenne_twister_engineIjLm32ELm624ELm397ELm31ELj2567483615ELm11ELj4294967295ELm7ELj2636928640ELm15ELj4022730752ELm18ELj1812433253EE11_M_gen_randEv
FNDA:70,_ZNSt23mersenne_twister_engineIjLm32ELm624ELm397ELm31ELj2567483615ELm11ELj4294967295ELm7ELj2636928640ELm15ELj4022730752ELm18ELj1812433253EEclEv
FNF:3
FNH:3
DA:326,33
DA:330,33
DA:331,33
DA:333,20592
DA:335,20559
DA:336,20559
DA:337,20559
DA:338,20559
DA:339,20559
DA:340,20559
DA:342,33
DA:343,33
DA:397,33
DA:401,33
DA:402,33
DA:404,7524
DA:406,7491
DA:407,7491
DA:408,14982
DA:409,7491
DA:412,13101
DA:414,13068
DA:415,13068
DA:416,26136
DA:417,13068
DA:420,33
DA:421,33
DA:422,66
DA:423,33
DA:424,33
DA:425,33
DA:453,70
DA:458,70
DA:459,33
DA:462,70
DA:463,70
DA:464,70
DA:465,70
DA:466,70
DA:468,70
LF:40
LH:40
end_of_record
TN:
SF:/usr/local/include/c++/13/bits/stl_algo.h
FN:3889,3899,_ZSt4findIN9__gnu_cxx17__normal_iteratorIPSt4pairIiiESt6vectorIS3_SaIS3_EEEES3_ET_S9_S9_RKT0_
FNDA:60,_ZSt4findIN9__gnu_cxx17__normal_iteratorIPSt4pairIiiESt6vectorIS3_SaIS3_EEEES3_ET_S9_S9_RKT0_
FNF:1
FNH:1
DA:3889,60
DA:3897,60
DA:3898,60
LF:3
LH:3
end_of_record
TN:
SF:/usr/local/include/c++/13/bits/stl_algobase.h
FN:2064,2110,_ZSt9__find_ifIN9__gnu_cxx17__normal_iteratorIPSt4pairIiiESt6vectorIS3_SaIS3_EEEENS0_5__ops16_Iter_equals_valIKS3_EEET_SD_SD_T0_St26random_access_iterator_tag
FN:2115,2119,_ZSt9__find_ifIN9__gnu_cxx17__normal_iteratorIPSt4pairIiiESt6vectorIS3_SaIS3_EEEENS0_5__ops16_Iter_equals_valIKS3_EEET_SD_SD_T0_
FN:233,241,_ZSt3minImERKT_S2_S2_
FN:257,265,_ZSt3maxImERKT_S2_S2_
FN:316,318,_ZSt12__niter_baseIPSt4pairIiiEET_S3_
FN:338,339,_ZSt12__niter_wrapIPSt4pairIiiEET_RKS3_S3_
FN:727,734,_ZNSt20__copy_move_backwardILb1ELb0ESt26random_access_iterator_tagE13__copy_move_bIPSt4pairIiiES5_EET0_T_S7_S6_
FN:759,772,_ZSt23__copy_move_backward_a2ILb1EPSt4pairIiiES2_ET1_T0_S4_S3_
FN:777,778,_ZSt23__copy_move_backward_a1ILb1EPSt4pairIiiES2_ET1_T0_S4_S3_
FN:805,811,_ZSt22__copy_move_backward_aILb1EPSt4pairIiiES2_ET1_T0_S4_S3_
FN:892,904,_ZSt13move_backwardIPSt4pairIiiES2_ET0_T_S4_S3_
FNDA:60,_ZSt9__find_ifIN9__gnu_cxx17__normal_iteratorIPSt4pairIiiESt6vectorIS3_SaIS3_EEEENS0_5__ops16_Iter_equals_valIKS3_EEET_SD_SD_T0_St26random_access_iterator_tag
FNDA:60,_ZSt9__find_ifIN9__gnu_cxx17__normal_iteratorIPSt4pairIiiESt6vectorIS3_SaIS3_EEEENS0_5__ops16_Iter_equals_valIKS3_EEET_SD_SD_T0_
FNDA:168,_ZSt3minImERKT_S2_S2_
FNDA:0,_ZSt3maxImERKT_S2_S2_
FNDA:408,_ZSt12__niter_baseIPSt4pairIiiEET_S3_
FNDA:12,_ZSt12__niter_wrapIPSt4pairIiiEET_RKS3_S3_
FNDA:12,_ZNSt20__copy_move_backwardILb1ELb0ESt26random_access_iterator_tagE13__copy_move_bIPSt4pairIiiES5_EET0_T_S7_S6_
FNDA:12,_ZSt23__copy_move_backward_a2ILb1EPSt4pairIiiES2_ET1_T0_S4_S3_
FNDA:12,_ZSt23__copy_move_backward_a1ILb1EPSt4pairIiiES2_ET1_T0_S4_S3_
FNDA:12,_ZSt22__copy_move_backward_aILb1EPSt4pairIiiES2_ET1_T0_S4_S3_
FNDA:12,_ZSt13move_backwardIPSt4pairIiiES2_ET0_T_S4_S3_
FNF:11
FNH:10
DA:233,168
DA:238,168
DA:239,0
DA:240,168
DA:257,0
DA:262,0
DA:263,0
DA:264,0
DA:316,408
DA:318,408
DA:338,12
DA:339,12
DA:727,12
DA:730,12
DA:731,60
DA:732,48
DA:733,12
DA:759,12
DA:769,12
DA:771,12
DA:777,12
DA:778,12
DA:805,12
DA:807,12
DA:810,12
DA:892,12
DA:901,12
DA:903,12
DA:2064,60
DA:2068,60
DA:2070,122
DA:2072,66
DA:2073,0
DA:2074,66
DA:2076,66
DA:2077,3
DA:2078,63
DA:2080,63
DA:2081,0
DA:2082,63
DA:2084,63
DA:2085,1
DA:2086,62
DA:2089,56
DA:2091,4
DA:2092,4
DA:2093,0
DA:2094,4
DA:2096,8
DA:2097,8
DA:2098,0
DA:2099,8
DA:2101,15
DA:2102,15
DA:2103,0
DA:2104,15
DA:2106,56
DA:2108,56
DA:2115,60
DA:2117,60
DA:2118,60
LF:61
LH:51
end_of_record
TN:
SF:/usr/local/include/c++/13/bits/stl_construct.h
FN:109,120,_ZSt10_ConstructISt4pairIiiEJRKS1_EEvPT_DpOT0_
FN:172,172,_ZNSt12_Destroy_auxILb1EE9__destroyIPSt4pairIiiEEEvT_S5_
FN:182,197,_ZSt8_DestroyIPSt4pairIiiEEvT_S3_
FNDA:4,_ZSt10_ConstructISt4pairIiiEJRKS1_EEvPT_DpOT0_
FNDA:23,_ZNSt12_Destroy_auxILb1EE9__destroyIPSt4pairIiiEEEvT_S5_
FNDA:23,_ZSt8_DestroyIPSt4pairIiiEEvT_S3_
FNF:3
FNH:3
DA:109,4
DA:119,4
DA:120,4
DA:172,23
DA:182,23
DA:196,23
DA:197,23
LF:7
LH:7
end_of_record
TN:
SF:/usr/local/include/c++/13/bits/stl_iterator.h
FN:1072,1073,_ZN9__gnu_cxx17__normal_iteratorIPKSt4pairIiiESt6vectorIS2_SaIS2_EEEC1Ev
FN:1076,1077,_ZN9__gnu_cxx17__normal_iteratorIPKSt4pairIiiESt6vectorIS2_SaIS2_EEEC1ERKS4_
FN:1076,1077,_ZN9__gnu_cxx17__normal_iteratorIPSt4pairIiiESt6vectorIS2_SaIS2_EEEC1ERKS3_
FN:1083,1094,_ZN9__gnu_cxx17__normal_iteratorIPKSt4pairIiiESt6vectorIS2_SaIS2_EEEC1IPS2_vEERKNS0_IT_S7_EE
FN:1099,1100,_ZNK9__gnu_cxx17__normal_iteratorIPKSt4pairIiiESt6vectorIS2_SaIS2_EEEdeEv
FN:1099,1100,_ZNK9__gnu_cxx17__normal_iteratorIPSt4pairIiiESt6vectorIS2_SaIS2_EEEdeEv
FN:1109,1113,_ZN9__gnu_cxx17__normal_iteratorIPKSt4pairIiiESt6vectorIS2_SaIS2_EEEppEv
FN:1109,1113,_ZN9__gnu_cxx17__normal_iteratorIPSt4pairIiiESt6vectorIS2_SaIS2_EEEppEv
FN:1147,1148,_ZNK9__gnu_cxx17__normal_iteratorIPSt4pairIiiESt6vectorIS2_SaIS2_EEEplEl
FN:1157,1158,_ZNK9__gnu_cxx17__normal_iteratorIPSt4pairIiiESt6vectorIS2_SaIS2_EEEmiEl
FN:1162,1163,_ZNK9__gnu_cxx17__normal_iteratorIPKSt4pairIiiESt6vectorIS2_SaIS2_EEE4baseEv
FN:1162,1163,_ZNK9__gnu_cxx17__normal_iteratorIPSt4pairIiiESt6vectorIS2_SaIS2_EEE4baseEv
FN:1217,1220,_ZN9__gnu_cxxeqIPKSt4pairIiiEPS2_St6vectorIS2_SaIS2_EEEEbRKNS_17__normal_iteratorIT_T1_EERKNS9_IT0_SB_EE
FN:1241,1244,_ZN9__gnu_cxxneIPKSt4pairIiiESt6vectorIS2_SaIS2_EEEEbRKNS_17__normal_iteratorIT_T0_EESD_
FN:1241,1244,_ZN9__gnu_cxxneIPSt4pairIiiESt6vectorIS2_SaIS2_EEEEbRKNS_17__normal_iteratorIT_T0_EESC_
FN:1321,1329,_ZN9__gnu_cxxmiIPKSt4pairIiiEPS2_St6vectorIS2_SaIS2_EEEEDTmicldtfp_4baseEcldtfp0_4baseEERKNS_17__normal_iteratorIT_T1_EERKNSA_IT0_SC_EE
FN:1334,1337,_ZN9__gnu_cxxmiIPKSt4pairIiiESt6vectorIS2_SaIS2_EEEENS_17__normal_iteratorIT_T0_E15difference_typeERKSB_SE_
FN:1334,1337,_ZN9__gnu_cxxmiIPSt4pairIiiESt6vectorIS2_SaIS2_EEEENS_17__normal_iteratorIT_T0_E15difference_typeERKSA_SD_
FNDA:12,_ZN9__gnu_cxx17__normal_iteratorIPKSt4pairIiiESt6vectorIS2_SaIS2_EEEC1Ev
FNDA:48,_ZN9__gnu_cxx17__normal_iteratorIPKSt4pairIiiESt6vectorIS2_SaIS2_EEEC1ERKS4_
FNDA:625,_ZN9__gnu_cxx17__normal_iteratorIPSt4pairIiiESt6vectorIS2_SaIS2_EEEC1ERKS3_
FNDA:23,_ZN9__gnu_cxx17__normal_iteratorIPKSt4pairIiiESt6vectorIS2_SaIS2_EEEC1IPS2_vEERKNS0_IT_S7_EE
FNDA:27,_ZNK9__gnu_cxx17__normal_iteratorIPKSt4pairIiiESt6vectorIS2_SaIS2_EEEdeEv
FNDA:414,_ZNK9__gnu_cxx17__normal_iteratorIPSt4pairIiiESt6vectorIS2_SaIS2_EEEdeEv
FNDA:4,_ZN9__gnu_cxx17__normal_iteratorIPKSt4pairIiiESt6vectorIS2_SaIS2_EEEppEv
FNDA:281,_ZN9__gnu_cxx17__normal_iteratorIPSt4pairIiiESt6vectorIS2_SaIS2_EEEppEv
FNDA:23,_ZNK9__gnu_cxx17__normal_iteratorIPSt4pairIiiESt6vectorIS2_SaIS2_EEEplEl
FNDA:88,_ZNK9__gnu_cxx17__normal_iteratorIPSt4pairIiiESt6vectorIS2_SaIS2_EEEmiEl
FNDA:115,_ZNK9__gnu_cxx17__normal_iteratorIPKSt4pairIiiESt6vectorIS2_SaIS2_EEE4baseEv
FNDA:670,_ZNK9__gnu_cxx17__normal_iteratorIPSt4pairIiiESt6vectorIS2_SaIS2_EEE4baseEv
FNDA:12,_ZN9__gnu_cxxeqIPKSt4pairIiiEPS2_St6vectorIS2_SaIS2_EEEEbRKNS_17__normal_iteratorIT_T1_EERKNS9_IT0_SB_EE
FNDA:17,_ZN9__gnu_cxxneIPKSt4pairIiiESt6vectorIS2_SaIS2_EEEEbRKNS_17__normal_iteratorIT_T0_EESD_
FNDA:60,_ZN9__gnu_cxxneIPSt4pairIiiESt6vectorIS2_SaIS2_EEEEbRKNS_17__normal_iteratorIT_T0_EESC_
FNDA:23,_ZN9__gnu_cxxmiIPKSt4pairIiiEPS2_St6vectorIS2_SaIS2_EEEEDTmicldtfp_4baseEcldtfp0_4baseEERKNS_17__normal_iteratorIT_T1_EERKNSA_IT0_SC_EE
FNDA:23,_ZN9__gnu_cxxmiIPKSt4pairIiiESt6vectorIS2_SaIS2_EEEENS_17__normal_iteratorIT_T0_E15difference_typeERKSB_SE_
FNDA:178,_ZN9__gnu_cxxmiIPSt4pairIiiESt6vectorIS2_SaIS2_EEEENS_17__normal_iteratorIT_T0_E15difference_typeERKSA_SD_
FNF:18
FNH:18
DA:1072,12
DA:1073,12
DA:1076,673
DA:1077,673
DA:1083,23
DA:1094,23
DA:1099,441
DA:1100,441
DA:1109,285
DA:1111,285
DA:1112,285
DA:1147,23
DA:1148,23
DA:1157,88
DA:1158,88
DA:1162,785
DA:1163,785
DA:1217,12
DA:1220,12
DA:1241,77
DA:1244,77
DA:1321,23
DA:1329,23
DA:1334,201
DA:1337,201
LF:25
LH:25
end_of_record
TN:
SF:/usr/local/include/c++/13/bits/stl_iterator_base_funcs.h
FNF:0
FNH:0
DA:106,141
DA:151,282
DA:152,282
LF:3
LH:3
end_of_record
TN:
SF:/usr/local/include/c++/13/bits/stl_iterator_base_types.h
FNF:0
FNH:0
DA:240,201
LF:1
LH:1
end_of_record
TN:
SF:/usr/local/include/c++/13/bits/stl_pair.h
FN:531,532,_ZNSt4pairIiiEC1IiiLb1EEEv
FN:687,689,_ZNSt4pairIiiEC1IiRiLb1EEEOT_OT0_
FN:687,689,_ZNSt4pairIiiEC1IiiLb1EEEOT_OT0_
FN:727,734,_ZNSt4pairIiiEaSERKS0_
FN:737,746,_ZNSt4pairIiiEaSEOS0_
FN:812,813,_ZSteqIiiEbRKSt4pairIT_T0_ES5_
FNDA:17,_ZNSt4pairIiiEC1IiiLb1EEEv
FNDA:11,_ZNSt4pairIiiEC1IiRiLb1EEEOT_OT0_
FNDA:123,_ZNSt4pairIiiEC1IiiLb1EEEOT_OT0_
FNDA:12,_ZNSt4pairIiiEaSERKS0_
FNDA:95,_ZNSt4pairIiiEaSEOS0_
FNDA:315,_ZSteqIiiEbRKSt4pairIT_T0_ES5_
FNF:6
FNH:6
DA:531,17
DA:532,17
DA:687,134
DA:688,134
DA:689,134
DA:727,12
DA:731,12
DA:732,12
DA:733,12
DA:737,95
DA:743,95
DA:744,95
DA:745,95
DA:812,315
DA:813,315
LF:15
LH:15
end_of_record
TN:
SF:/usr/local/include/c++/13/bits/stl_uninitialized.h
FN:1070,1080,_ZSt19__relocate_object_aISt4pairIiiES1_SaIS1_EEvPT_PT0_RT1_
FN:1092,1109,_ZSt14__relocate_a_1IPSt4pairIiiES2_SaIS1_EET0_T_S5_S4_RT1_
FN:113,128,_ZSt16__do_uninit_copyIN9__gnu_cxx17__normal_iteratorIPKSt4pairIiiESt6vectorIS3_SaIS3_EEEEPS3_ET0_T_SC_SB_
FN:1142,1151,_ZSt12__relocate_aIPSt4pairIiiES2_SaIS1_EET0_T_S5_S4_RT1_
FN:135,137,_ZNSt20__uninitialized_copyILb0EE13__uninit_copyIN9__gnu_cxx17__normal_iteratorIPKSt4pairIiiESt6vectorIS5_SaIS5_EEEEPS5_EET0_T_SE_SD_
FN:163,186,_ZSt18uninitialized_copyIN9__gnu_cxx17__normal_iteratorIPKSt4pairIiiESt6vectorIS3_SaIS3_EEEEPS3_ET0_T_SC_SB_
FN:366,374,_ZSt22__uninitialized_copy_aIN9__gnu_cxx17__normal_iteratorIPKSt4pairIiiESt6vectorIS3_SaIS3_EEEEPS3_S3_ET0_T_SC_SB_RSaIT1_E
FNDA:103,_ZSt19__relocate_object_aISt4pairIiiES1_SaIS1_EEvPT_PT0_RT1_
FNDA:124,_ZSt14__relocate_a_1IPSt4pairIiiES2_SaIS1_EET0_T_S5_S4_RT1_
FNDA:1,_ZSt16__do_uninit_copyIN9__gnu_cxx17__normal_iteratorIPKSt4pairIiiESt6vectorIS3_SaIS3_EEEEPS3_ET0_T_SC_SB_
FNDA:124,_ZSt12__relocate_aIPSt4pairIiiES2_SaIS1_EET0_T_S5_S4_RT1_
FNDA:1,_ZNSt20__uninitialized_copyILb0EE13__uninit_copyIN9__gnu_cxx17__normal_iteratorIPKSt4pairIiiESt6vectorIS5_SaIS5_EEEEPS5_EET0_T_SE_SD_
FNDA:1,_ZSt18uninitialized_copyIN9__gnu_cxx17__normal_iteratorIPKSt4pairIiiESt6vectorIS3_SaIS3_EEEEPS3_ET0_T_SC_SB_
FNDA:1,_ZSt22__uninitialized_copy_aIN9__gnu_cxx17__normal_iteratorIPKSt4pairIiiESt6vectorIS3_SaIS3_EEEEPS3_S3_ET0_T_SC_SB_RSaIT1_E
FNF:7
FNH:7
DA:113,1
DA:116,1
DA:119,5
DA:120,4
DA:121,1
DA:135,1
DA:137,1
DA:163,1
DA:174,1
DA:181,1
DA:185,1
DA:366,1
DA:373,1
DA:1070,103
DA:1078,103
DA:1079,103
DA:1080,103
DA:1092,124
DA:1104,124
DA:1105,227
DA:1106,103
DA:1108,124
DA:1142,124
DA:1148,124
DA:1150,124
LF:25
LH:25
end_of_record
TN:
SF:/usr/local/include/c++/13/bits/stl_vector.h
FN:1206,1210,_ZNSt6vectorISt4pairIiiESaIS1_EE5frontEv
FN:1218,1222,_ZNKSt6vectorISt4pairIiiESaIS1_EE5frontEv
FN:1230,1234,_ZNSt6vectorISt4pairIiiESaIS1_EE4backEv
FN:1295,1296,_ZNSt6vectorISt4pairIiiESaIS1_EE9push_backEOS1_
FN:1319,1325,_ZNSt6vectorISt4pairIiiESaIS1_EE8pop_backEv
FN:137,140,_ZNSt12_Vector_baseISt4pairIiiESaIS1_EE12_Vector_implC1Ev
FN:143,145,_ZNSt12_Vector_baseISt4pairIiiESaIS1_EE12_Vector_implC1ERKS2_
FN:1602,1603,_ZNSt6vectorISt4pairIiiESaIS1_EE5clearEv
FN:1830,1834,_ZNSt6vectorISt4pairIiiESaIS1_EE16_Temporary_valueC1IJRKS1_EEEPS3_DpOT_
FN:1837,1838,_ZNSt6vectorISt4pairIiiESaIS1_EE16_Temporary_valueD1Ev
FN:1841,1841,_ZNSt6vectorISt4pairIiiESaIS1_EE16_Temporary_value6_M_valEv
FN:1845,1845,_ZNSt6vectorISt4pairIiiESaIS1_EE16_Temporary_value6_M_ptrEv
FN:1849,1849,_ZNSt6vectorISt4pairIiiESaIS1_EE16_Temporary_value8_StorageC1Ev
FN:1850,1850,_ZNSt6vectorISt4pairIiiESaIS1_EE16_Temporary_value8_StorageD1Ev
FN:1893,1900,_ZNKSt6vectorISt4pairIiiESaIS1_EE12_M_check_lenEmPKc
FN:1913,1922,_ZNSt6vectorISt4pairIiiESaIS1_EE11_S_max_sizeERKS2_
FN:1930,1939,_ZNSt6vectorISt4pairIiiESaIS1_EE15_M_erase_at_endEPS1_
FN:298,299,_ZNSt12_Vector_baseISt4pairIiiESaIS1_EE19_M_get_Tp_allocatorEv
FN:303,304,_ZNKSt12_Vector_baseISt4pairIiiESaIS1_EE19_M_get_Tp_allocatorEv
FN:312,312,_ZNSt12_Vector_baseISt4pairIiiESaIS1_EEC2Ev
FN:330,332,_ZNSt12_Vector_baseISt4pairIiiESaIS1_EEC2EmRKS2_
FN:364,368,_ZNSt12_Vector_baseISt4pairIiiESaIS1_EED2Ev
FN:375,379,_ZNSt12_Vector_baseISt4pairIiiESaIS1_EE11_M_allocateEm
FN:383,388,_ZNSt12_Vector_baseISt4pairIiiESaIS1_EE13_M_deallocateEPS1_m
FN:393,398,_ZNSt12_Vector_baseISt4pairIiiESaIS1_EE17_M_create_storageEm
FN:501,511,_ZNSt6vectorISt4pairIiiESaIS1_EE11_S_relocateEPS1_S4_S4_RS2_
FN:528,528,_ZNSt6vectorISt4pairIiiESaIS1_EEC1Ev
FN:598,606,_ZNSt6vectorISt4pairIiiESaIS1_EEC1ERKS3_
FN:730,735,_ZNSt6vectorISt4pairIiiESaIS1_EED1Ev
FN:870,871,_ZNSt6vectorISt4pairIiiESaIS1_EE5beginEv
FN:880,881,_ZNKSt6vectorISt4pairIiiESaIS1_EE5beginEv
FN:890,891,_ZNSt6vectorISt4pairIiiESaIS1_EE3endEv
FN:900,901,_ZNKSt6vectorISt4pairIiiESaIS1_EE3endEv
FN:951,952,_ZNKSt6vectorISt4pairIiiESaIS1_EE6cbeginEv
FN:989,990,_ZNKSt6vectorISt4pairIiiESaIS1_EE4sizeEv
FN:99,101,_ZNSt12_Vector_baseISt4pairIiiESaIS1_EE17_Vector_impl_dataC2Ev
FN:995,996,_ZNKSt6vectorISt4pairIiiESaIS1_EE8max_sizeEv
FNDA:29,_ZNSt6vectorISt4pairIiiESaIS1_EE5frontEv
FNDA:23,_ZNKSt6vectorISt4pairIiiESaIS1_EE5frontEv
FNDA:88,_ZNSt6vectorISt4pairIiiESaIS1_EE4backEv
FNDA:88,_ZNSt6vectorISt4pairIiiESaIS1_EE9push_backEOS1_
FNDA:12,_ZNSt6vectorISt4pairIiiESaIS1_EE8pop_backEv
FNDA:17,_ZNSt12_Vector_baseISt4pairIiiESaIS1_EE12_Vector_implC1Ev
FNDA:1,_ZNSt12_Vector_baseISt4pairIiiESaIS1_EE12_Vector_implC1ERKS2_
FNDA:22,_ZNSt6vectorISt4pairIiiESaIS1_EE5clearEv
FNDA:12,_ZNSt6vectorISt4pairIiiESaIS1_EE16_Temporary_valueC1IJRKS1_EEEPS3_DpOT_
FNDA:12,_ZNSt6vectorISt4pairIiiESaIS1_EE16_Temporary_valueD1Ev
FNDA:12,_ZNSt6vectorISt4pairIiiESaIS1_EE16_Temporary_value6_M_valEv
FNDA:24,_ZNSt6vectorISt4pairIiiESaIS1_EE16_Temporary_value6_M_ptrEv
FNDA:12,_ZNSt6vectorISt4pairIiiESaIS1_EE16_Temporary_value8_StorageC1Ev
FNDA:12,_ZNSt6vectorISt4pairIiiESaIS1_EE16_Temporary_value8_StorageD1Ev
FNDA:62,_ZNKSt6vectorISt4pairIiiESaIS1_EE12_M_check_lenEmPKc
FNDA:124,_ZNSt6vectorISt4pairIiiESaIS1_EE11_S_max_sizeERKS2_
FNDA:22,_ZNSt6vectorISt4pairIiiESaIS1_EE15_M_erase_at_endEPS1_
FNDA:148,_ZNSt12_Vector_baseISt4pairIiiESaIS1_EE19_M_get_Tp_allocatorEv
FNDA:125,_ZNKSt12_Vector_baseISt4pairIiiESaIS1_EE19_M_get_Tp_allocatorEv
FNDA:17,_ZNSt12_Vector_baseISt4pairIiiESaIS1_EEC2Ev
FNDA:1,_ZNSt12_Vector_baseISt4pairIiiESaIS1_EEC2EmRKS2_
FNDA:18,_ZNSt12_Vector_baseISt4pairIiiESaIS1_EED2Ev
FNDA:63,_ZNSt12_Vector_baseISt4pairIiiESaIS1_EE11_M_allocateEm
FNDA:80,_ZNSt12_Vector_baseISt4pairIiiESaIS1_EE13_M_deallocateEPS1_m
FNDA:1,_ZNSt12_Vector_baseISt4pairIiiESaIS1_EE17_M_create_storageEm
FNDA:124,_ZNSt6vectorISt4pairIiiESaIS1_EE11_S_relocateEPS1_S4_S4_RS2_
FNDA:17,_ZNSt6vectorISt4pairIiiESaIS1_EEC1Ev
FNDA:1,_ZNSt6vectorISt4pairIiiESaIS1_EEC1ERKS3_
FNDA:18,_ZNSt6vectorISt4pairIiiESaIS1_EED1Ev
FNDA:220,_ZNSt6vectorISt4pairIiiESaIS1_EE5beginEv
FNDA:24,_ZNKSt6vectorISt4pairIiiESaIS1_EE5beginEv
FNDA:271,_ZNSt6vectorISt4pairIiiESaIS1_EE3endEv
FNDA:1,_ZNKSt6vectorISt4pairIiiESaIS1_EE3endEv
FNDA:23,_ZNKSt6vectorISt4pairIiiESaIS1_EE6cbeginEv
FNDA:250,_ZNKSt6vectorISt4pairIiiESaIS1_EE4sizeEv
FNDA:18,_ZNSt12_Vector_baseISt4pairIiiESaIS1_EE17_Vector_impl_dataC2Ev
FNDA:124,_ZNKSt6vectorISt4pairIiiESaIS1_EE8max_sizeEv
FNF:37
FNH:37
DA:99,18
DA:100,18
DA:101,18
DA:137,17
DA:139,17
DA:140,17
DA:143,1
DA:144,1
DA:145,1
DA:298,148
DA:299,148
DA:303,125
DA:304,125
DA:312,17
DA:330,1
DA:331,1
DA:332,1
DA:364,18
DA:366,18
DA:367,18
DA:368,18
DA:375,63
DA:378,126
DA:383,80
DA:386,80
DA:387,63
DA:388,80
DA:393,1
DA:395,1
DA:396,1
DA:397,1
DA:398,1
DA:501,124
DA:506,124
DA:528,17
DA:598,1
DA:600,2
DA:602,1
DA:603,1
DA:605,1
DA:606,1
DA:730,18
DA:732,18
DA:733,18
DA:735,18
DA:870,220
DA:871,220
DA:880,24
DA:881,24
DA:890,271
DA:891,271
DA:900,1
DA:901,1
DA:951,23
DA:952,23
DA:989,250
DA:990,250
DA:995,124
DA:996,124
DA:1206,29
DA:1209,29
DA:1218,23
DA:1221,23
DA:1230,88
DA:1233,88
DA:1295,88
DA:1296,88
DA:1319,12
DA:1322,12
DA:1323,12
DA:1325,12
DA:1602,22
DA:1603,22
DA:1830,12
DA:1832,12
DA:1834,12
DA:1837,12
DA:1838,24
DA:1841,12
DA:1845,24
DA:1849,12
DA:1850,12
DA:1893,62
DA:1895,62
DA:1896,0
DA:1898,62
DA:1899,62
DA:1913,124
DA:1918,124
DA:1920,124
DA:1921,124
DA:1930,22
DA:1932,22
DA:1934,5
DA:1935,5
DA:1936,5
DA:1939,22
LF:97
LH:96
end_of_record
TN:
SF:/usr/local/include/c++/13/bits/uniform_int_dist.h
FN:104,109,_ZNSt24uniform_int_distributionIiE10param_typeC1Eii
FN:112,113,_ZNKSt24uniform_int_distributionIiE10param_type1aEv
FN:116,117,_ZNKSt24uniform_int_distributionIiE10param_type1bEv
FN:142,146,_ZNSt24uniform_int_distributionIiEC1Eii
FN:203,204,_ZNSt24uniform_int_distributionIiEclISt23mersenne_twister_engineIjLm32ELm624ELm397ELm31ELj2567483615ELm11ELj4294967295ELm7ELj2636928640ELm15ELj4022730752ELm18ELj1812433253EEEEiRT_
FN:257,281,_ZNSt24uniform_int_distributionIiE5_S_ndIySt23mersenne_twister_engineIjLm32ELm624ELm397ELm31ELj2567483615ELm11ELj4294967295ELm7ELj2636928640ELm15ELj4022730752ELm18ELj1812433253EEjEET1_RT0_S4_
FN:287,373,_ZNSt24uniform_int_distributionIiEclISt23mersenne_twister_engineIjLm32ELm624ELm397ELm31ELj2567483615ELm11ELj4294967295ELm7ELj2636928640ELm15ELj4022730752ELm18ELj1812433253EEEEiRT_RKNS0_10param_typeE
FNDA:66,_ZNSt24uniform_int_distributionIiE10param_typeC1Eii
FNDA:140,_ZNKSt24uniform_int_distributionIiE10param_type1aEv
FNDA:70,_ZNKSt24uniform_int_distributionIiE10param_type1bEv
FNDA:66,_ZNSt24uniform_int_distributionIiEC1Eii
FNDA:70,_ZNSt24uniform_int_distributionIiEclISt23mersenne_twister_engineIjLm32ELm624ELm397ELm31ELj2567483615ELm11ELj4294967295ELm7ELj2636928640ELm15ELj4022730752ELm18ELj1812433253EEEEiRT_
FNDA:70,_ZNSt24uniform_int_distributionIiE5_S_ndIySt23mersenne_twister_engineIjLm32ELm624ELm397ELm31ELj2567483615ELm11ELj4294967295ELm7ELj2636928640ELm15ELj4022730752ELm18ELj1812433253EEjEET1_RT0_S4_
FNDA:70,_ZNSt24uniform_int_distributionIiEclISt23mersenne_twister_engineIjLm32ELm624ELm397ELm31ELj2567483615ELm11ELj4294967295ELm7ELj2636928640ELm15ELj4022730752ELm18ELj1812433253EEEEiRT_RKNS0_10param_typeE
FNF:7
FNH:7
DA:104,66
DA:106,66
DA:108,66
DA:109,66
DA:112,140
DA:113,140
DA:116,70
DA:117,70
DA:142,66
DA:145,66
DA:146,66
DA:203,70
DA:204,70
DA:257,70
DA:269,70
DA:270,70
DA:271,70
DA:273,0
DA:274,0
DA:276,0
DA:277,0
DA:280,70
DA:287,70
DA:295,70
DA:296,70
DA:299,70
DA:301,70
DA:302,70
DA:305,70
DA:309,70
DA:327,70
DA:328,70
DA:370,0
DA:372,70
LF:34
LH:29
end_of_record
TN:
SF:/usr/local/include/c++/13/bits/unique_ptr.h
FN:197,197,_ZNSt15__uniq_ptr_implINSt7__cxx1112basic_stringIcSt11char_traitsIcESaIcEEESt14default_deleteIS5_EE6_M_ptrEv
FN:197,197,_ZNSt15__uniq_ptr_implINSt7__cxx1118basic_stringstreamIcSt11char_traitsIcESaIcEEESt14default_deleteIS5_EE6_M_ptrEv
FN:199,199,_ZNKSt15__uniq_ptr_implINSt7__cxx1112basic_stringIcSt11char_traitsIcESaIcEEESt14default_deleteIS5_EE6_M_ptrEv
FN:199,199,_ZNKSt15__uniq_ptr_implINSt7__cxx1118basic_stringstreamIcSt11char_traitsIcESaIcEEESt14default_deleteIS5_EE6_M_ptrEv
FN:201,201,_ZNSt15__uniq_ptr_implINSt7__cxx1112basic_stringIcSt11char_traitsIcESaIcEEESt14default_deleteIS5_EE10_M_deleterEv
FN:201,201,_ZNSt15__uniq_ptr_implINSt7__cxx1118basic_stringstreamIcSt11char_traitsIcESaIcEEESt14default_deleteIS5_EE10_M_deleterEv
FN:206,212,_ZNSt15__uniq_ptr_implINSt7__cxx1112basic_stringIcSt11char_traitsIcESaIcEEESt14default_deleteIS5_EE5resetEPS5_
FN:398,406,_ZNSt10unique_ptrINSt7__cxx1112basic_stringIcSt11char_traitsIcESaIcEEESt14default_deleteIS5_EED1Ev
FN:398,406,_ZNSt10unique_ptrINSt7__cxx1118basic_stringstreamIcSt11char_traitsIcESaIcEEESt14default_deleteIS5_EED1Ev
FN:451,455,_ZNKSt10unique_ptrINSt7__cxx1118basic_stringstreamIcSt11char_traitsIcESaIcEEESt14default_deleteIS5_EEdeEv
FN:460,464,_ZNKSt10unique_ptrINSt7__cxx1112basic_stringIcSt11char_traitsIcESaIcEEESt14default_deleteIS5_EEptEv
FN:469,470,_ZNKSt10unique_ptrINSt7__cxx1112basic_stringIcSt11char_traitsIcESaIcEEESt14default_deleteIS5_EE3getEv
FN:469,470,_ZNKSt10unique_ptrINSt7__cxx1118basic_stringstreamIcSt11char_traitsIcESaIcEEESt14default_deleteIS5_EE3getEv
FN:475,476,_ZNSt10unique_ptrINSt7__cxx1112basic_stringIcSt11char_traitsIcESaIcEEESt14default_deleteIS5_EE11get_deleterEv
FN:475,476,_ZNSt10unique_ptrINSt7__cxx1118basic_stringstreamIcSt11char_traitsIcESaIcEEESt14default_deleteIS5_EE11get_deleterEv
FN:505,510,_ZNSt10unique_ptrINSt7__cxx1112basic_stringIcSt11char_traitsIcESaIcEEESt14default_deleteIS5_EE5resetEPS5_
FN:93,100,_ZNKSt14default_deleteINSt7__cxx1112basic_stringIcSt11char_traitsIcESaIcEEEEclEPS5_
FN:93,100,_ZNKSt14default_deleteINSt7__cxx1118basic_stringstreamIcSt11char_traitsIcESaIcEEEEclEPS5_
FNDA:0,_ZNSt15__uniq_ptr_implINSt7__cxx1112basic_stringIcSt11char_traitsIcESaIcEEESt14default_deleteIS5_EE6_M_ptrEv
FNDA:0,_ZNSt15__uniq_ptr_implINSt7__cxx1118basic_stringstreamIcSt11char_traitsIcESaIcEEESt14default_deleteIS5_EE6_M_ptrEv
FNDA:0,_ZNKSt15__uniq_ptr_implINSt7__cxx1112basic_stringIcSt11char_traitsIcESaIcEEESt14default_deleteIS5_EE6_M_ptrEv
FNDA:621,_ZNKSt15__uniq_ptr_implINSt7__cxx1118basic_stringstreamIcSt11char_traitsIcESaIcEEESt14default_deleteIS5_EE6_M_ptrEv
FNDA:0,_ZNSt15__uniq_ptr_implINSt7__cxx1112basic_stringIcSt11char_traitsIcESaIcEEESt14default_deleteIS5_EE10_M_deleterEv
FNDA:0,_ZNSt15__uniq_ptr_implINSt7__cxx1118basic_stringstreamIcSt11char_traitsIcESaIcEEESt14default_deleteIS5_EE10_M_deleterEv
FNDA:0,_ZNSt15__uniq_ptr_implINSt7__cxx1112basic_stringIcSt11char_traitsIcESaIcEEESt14default_deleteIS5_EE5resetEPS5_
FNDA:40,_ZNSt10unique_ptrINSt7__cxx1112basic_stringIcSt11char_traitsIcESaIcEEESt14default_deleteIS5_EED1Ev
FNDA:0,_ZNSt10unique_ptrINSt7__cxx1118basic_stringstreamIcSt11char_traitsIcESaIcEEESt14default_deleteIS5_EED1Ev
FNDA:0,_ZNKSt10unique_ptrINSt7__cxx1118basic_stringstreamIcSt11char_traitsIcESaIcEEESt14default_deleteIS5_EEdeEv
FNDA:0,_ZNKSt10unique_ptrINSt7__cxx1112basic_stringIcSt11char_traitsIcESaIcEEESt14default_deleteIS5_EEptEv
FNDA:0,_ZNKSt10unique_ptrINSt7__cxx1112basic_stringIcSt11char_traitsIcESaIcEEESt14default_deleteIS5_EE3getEv
FNDA:621,_ZNKSt10unique_ptrINSt7__cxx1118basic_stringstreamIcSt11char_traitsIcESaIcEEESt14default_deleteIS5_EE3getEv
FNDA:0,_ZNSt10unique_ptrINSt7__cxx1112basic_stringIcSt11char_traitsIcESaIcEEESt14default_deleteIS5_EE11get_deleterEv
FNDA:69,_ZNSt10unique_ptrINSt7__cxx1118basic_stringstreamIcSt11char_traitsIcESaIcEEESt14default_deleteIS5_EE11get_deleterEv
FNDA:0,_ZNSt10unique_ptrINSt7__cxx1112basic_stringIcSt11char_traitsIcESaIcEEESt14default_deleteIS5_EE5resetEPS5_
FNDA:0,_ZNKSt14default_deleteINSt7__cxx1112basic_stringIcSt11char_traitsIcESaIcEEEEclEPS5_
FNDA:69,_ZNKSt14default_deleteINSt7__cxx1118basic_stringstreamIcSt11char_traitsIcESaIcEEEEclEPS5_
FNF:18
FNH:5
DA:93,69
DA:99,69
DA:100,69
DA:197,0
DA:199,621
DA:201,0
DA:206,0
DA:208,0
DA:209,0
DA:210,0
DA:211,0
DA:212,0
DA:398,40
DA:402,40
DA:403,40
DA:404,0
DA:405,40
DA:406,40
DA:451,0
DA:453,0
DA:454,0
DA:460,0
DA:463,0
DA:469,621
DA:470,621
DA:475,69
DA:476,69
DA:505,0
DA:509,0
DA:510,0
LF:30
LH:13
end_of_record
TN:
SF:/usr/local/include/c++/13/bits/vector.tcc
FN:111,127,_ZNSt6vectorISt4pairIiiESaIS1_EE12emplace_backIJS1_EEERS1_DpOT_
FN:133,176,_ZNSt6vectorISt4pairIiiESaIS1_EE6insertEN9__gnu_cxx17__normal_iteratorIPKS1_S3_EERS6_
FN:413,438,_ZNSt6vectorISt4pairIiiESaIS1_EE13_M_insert_auxIS1_EEvN9__gnu_cxx17__normal_iteratorIPS1_S3_EEOT_
FN:445,524,_ZNSt6vectorISt4pairIiiESaIS1_EE17_M_realloc_insertIJRKS1_EEEvN9__gnu_cxx17__normal_iteratorIPS1_S3_EEDpOT_
FN:445,524,_ZNSt6vectorISt4pairIiiESaIS1_EE17_M_realloc_insertIJS1_EEEvN9__gnu_cxx17__normal_iteratorIPS1_S3_EEDpOT_
FNDA:88,_ZNSt6vectorISt4pairIiiESaIS1_EE12emplace_backIJS1_EEERS1_DpOT_
FNDA:23,_ZNSt6vectorISt4pairIiiESaIS1_EE6insertEN9__gnu_cxx17__normal_iteratorIPKS1_S3_EERS6_
FNDA:12,_ZNSt6vectorISt4pairIiiESaIS1_EE13_M_insert_auxIS1_EEvN9__gnu_cxx17__normal_iteratorIPS1_S3_EEOT_
FNDA:11,_ZNSt6vectorISt4pairIiiESaIS1_EE17_M_realloc_insertIJRKS1_EEEvN9__gnu_cxx17__normal_iteratorIPS1_S3_EEDpOT_
FNDA:51,_ZNSt6vectorISt4pairIiiESaIS1_EE17_M_realloc_insertIJS1_EEEvN9__gnu_cxx17__normal_iteratorIPS1_S3_EEDpOT_
FNF:5
FNH:5
DA:111,88
DA:114,88
DA:117,37
DA:119,37
DA:123,51
DA:125,88
DA:133,23
DA:140,23
DA:141,23
DA:143,12
DA:144,12
DA:145,0
DA:147,12
DA:150,0
DA:152,0
DA:158,12
DA:161,12
DA:162,12
DA:166,12
DA:170,11
DA:175,23
DA:413,12
DA:423,12
DA:424,12
DA:425,12
DA:430,12
DA:436,12
DA:438,12
DA:445,62
DA:455,62
DA:456,62
DA:457,62
DA:458,62
DA:459,62
DA:460,62
DA:468,62
DA:469,62
DA:475,62
DA:480,62
DA:481,62
DA:483,62
DA:485,62
DA:486,62
DA:519,62
DA:520,62
DA:521,62
DA:522,62
DA:523,62
DA:524,62
LF:49
LH:46
end_of_record
TN:
SF:/usr/local/include/c++/13/ext/alloc_traits.h
FNF:0
FNH:0
DA:98,1
LF:1
LH:1
end_of_record
TN:
SF:/usr/local/include/c++/13/iostream
FNF:0
FNH:0
LF:0
LH:0
end_of_record
TN:
SF:/usr/local/include/c++/13/new
FN:174,175,_ZnwmPv
FNDA:277,_ZnwmPv
FNF:1
FNH:1
DA:174,277
DA:175,277
LF:2
LH:2
end_of_record
TN:
SF:/usr/local/include/c++/13/tuple
FN:125,125,_ZNSt10_Head_baseILm1ESt14default_deleteINSt7__cxx1112basic_stringIcSt11char_traitsIcESaIcEEEELb1EE7_M_headERS8_
FN:125,125,_ZNSt10_Head_baseILm1ESt14default_deleteINSt7__cxx1118basic_stringstreamIcSt11char_traitsIcESaIcEEEELb1EE7_M_headERS8_
FN:1773,1774,_ZSt12__get_helperILm0EPNSt7__cxx1112basic_stringIcSt11char_traitsIcESaIcEEEJSt14default_deleteIS5_EEERT0_RSt11_Tuple_implIXT_EJS9_DpT1_EE
FN:1773,1774,_ZSt12__get_helperILm0EPNSt7__cxx1118basic_stringstreamIcSt11char_traitsIcESaIcEEEJSt14default_deleteIS5_EEERT0_RSt11_Tuple_implIXT_EJS9_DpT1_EE
FN:1773,1774,_ZSt12__get_helperILm1ESt14default_deleteINSt7__cxx1112basic_stringIcSt11char_traitsIcESaIcEEEEJEERT0_RSt11_Tuple_implIXT_EJS8_DpT1_EE
FN:1773,1774,_ZSt12__get_helperILm1ESt14default_deleteINSt7__cxx1118basic_stringstreamIcSt11char_traitsIcESaIcEEEEJEERT0_RSt11_Tuple_implIXT_EJS8_DpT1_EE
FN:1778,1779,_ZSt12__get_helperILm0EPNSt7__cxx1112basic_stringIcSt11char_traitsIcESaIcEEEJSt14default_deleteIS5_EEERKT0_RKSt11_Tuple_implIXT_EJS9_DpT1_EE
FN:1778,1779,_ZSt12__get_helperILm0EPNSt7__cxx1118basic_stringstreamIcSt11char_traitsIcESaIcEEEJSt14default_deleteIS5_EEERKT0_RKSt11_Tuple_implIXT_EJS9_DpT1_EE
FN:1789,1790,_ZSt3getILm0EJPNSt7__cxx1112basic_stringIcSt11char_traitsIcESaIcEEESt14default_deleteIS5_EEERNSt13tuple_elementIXT_ESt5tupleIJDpT0_EEE4typeERSD_
FN:1789,1790,_ZSt3getILm0EJPNSt7__cxx1118basic_stringstreamIcSt11char_traitsIcESaIcEEESt14default_deleteIS5_EEERNSt13tuple_elementIXT_ESt5tupleIJDpT0_EEE4typeERSD_
FN:1789,1790,_ZSt3getILm1EJPNSt7__cxx1112basic_stringIcSt11char_traitsIcESaIcEEESt14default_deleteIS5_EEERNSt13tuple_elementIXT_ESt5tupleIJDpT0_EEE4typeERSD_
FN:1789,1790,_ZSt3getILm1EJPNSt7__cxx1118basic_stringstreamIcSt11char_traitsIcESaIcEEESt14default_deleteIS5_EEERNSt13tuple_elementIXT_ESt5tupleIJDpT0_EEE4typeERSD_
FN:1795,1796,_ZSt3getILm0EJPNSt7__cxx1112basic_stringIcSt11char_traitsIcESaIcEEESt14default_deleteIS5_EEERKNSt13tuple_elementIXT_ESt5tupleIJDpT0_EEE4typeERKSD_
FN:1795,1796,_ZSt3getILm0EJPNSt7__cxx1118basic_stringstreamIcSt11char_traitsIcESaIcEEESt14default_deleteIS5_EEERKNSt13tuple_elementIXT_ESt5tupleIJDpT0_EEE4typeERKSD_
FN:234,234,_ZNSt10_Head_baseILm0EPNSt7__cxx1112basic_stringIcSt11char_traitsIcESaIcEEELb0EE7_M_headERS7_
FN:234,234,_ZNSt10_Head_baseILm0EPNSt7__cxx1118basic_stringstreamIcSt11char_traitsIcESaIcEEELb0EE7_M_headERS7_
FN:237,237,_ZNSt10_Head_baseILm0EPNSt7__cxx1112basic_stringIcSt11char_traitsIcESaIcEEELb0EE7_M_headERKS7_
FN:237,237,_ZNSt10_Head_baseILm0EPNSt7__cxx1118basic_stringstreamIcSt11char_traitsIcESaIcEEELb0EE7_M_headERKS7_
FN:269,269,_ZNSt11_Tuple_implILm0EJPNSt7__cxx1112basic_stringIcSt11char_traitsIcESaIcEEESt14default_deleteIS5_EEE7_M_headERS9_
FN:269,269,_ZNSt11_Tuple_implILm0EJPNSt7__cxx1118basic_stringstreamIcSt11char_traitsIcESaIcEEESt14default_deleteIS5_EEE7_M_headERS9_
FN:272,272,_ZNSt11_Tuple_implILm0EJPNSt7__cxx1112basic_stringIcSt11char_traitsIcESaIcEEESt14default_deleteIS5_EEE7_M_headERKS9_
FN:272,272,_ZNSt11_Tuple_implILm0EJPNSt7__cxx1118basic_stringstreamIcSt11char_traitsIcESaIcEEESt14default_deleteIS5_EEE7_M_headERKS9_
FN:497,497,_ZNSt11_Tuple_implILm1EJSt14default_deleteINSt7__cxx1112basic_stringIcSt11char_traitsIcESaIcEEEEEE7_M_headERS8_
FN:497,497,_ZNSt11_Tuple_implILm1EJSt14default_deleteINSt7__cxx1118basic_stringstreamIcSt11char_traitsIcESaIcEEEEEE7_M_headERS8_
FNDA:0,_ZNSt10_Head_baseILm1ESt14default_deleteINSt7__cxx1112basic_stringIcSt11char_traitsIcESaIcEEEELb1EE7_M_headERS8_
FNDA:0,_ZNSt10_Head_baseILm1ESt14default_deleteINSt7__cxx1118basic_stringstreamIcSt11char_traitsIcESaIcEEEELb1EE7_M_headERS8_
FNDA:40,_ZSt12__get_helperILm0EPNSt7__cxx1112basic_stringIcSt11char_traitsIcESaIcEEEJSt14default_deleteIS5_EEERT0_RSt11_Tuple_implIXT_EJS9_DpT1_EE
FNDA:138,_ZSt12__get_helperILm0EPNSt7__cxx1118basic_stringstreamIcSt11char_traitsIcESaIcEEEJSt14default_deleteIS5_EEERT0_RSt11_Tuple_implIXT_EJS9_DpT1_EE
FNDA:0,_ZSt12__get_helperILm1ESt14default_deleteINSt7__cxx1112basic_stringIcSt11char_traitsIcESaIcEEEEJEERT0_RSt11_Tuple_implIXT_EJS8_DpT1_EE
FNDA:0,_ZSt12__get_helperILm1ESt14default_deleteINSt7__cxx1118basic_stringstreamIcSt11char_traitsIcESaIcEEEEJEERT0_RSt11_Tuple_implIXT_EJS8_DpT1_EE
FNDA:0,_ZSt12__get_helperILm0EPNSt7__cxx1112basic_stringIcSt11char_traitsIcESaIcEEEJSt14default_deleteIS5_EEERKT0_RKSt11_Tuple_implIXT_EJS9_DpT1_EE
FNDA:621,_ZSt12__get_helperILm0EPNSt7__cxx1118basic_stringstreamIcSt11char_traitsIcESaIcEEEJSt14default_deleteIS5_EEERKT0_RKSt11_Tuple_implIXT_EJS9_DpT1_EE
FNDA:40,_ZSt3getILm0EJPNSt7__cxx1112basic_stringIcSt11char_traitsIcESaIcEEESt14default_deleteIS5_EEERNSt13tuple_elementIXT_ESt5tupleIJDpT0_EEE4typeERSD_
FNDA:138,_ZSt3getILm0EJPNSt7__cxx1118basic_stringstreamIcSt11char_traitsIcESaIcEEESt14default_deleteIS5_EEERNSt13tuple_elementIXT_ESt5tupleIJDpT0_EEE4typeERSD_
FNDA:0,_ZSt3getILm1EJPNSt7__cxx1112basic_stringIcSt11char_traitsIcESaIcEEESt14default_deleteIS5_EEERNSt13tuple_elementIXT_ESt5tupleIJDpT0_EEE4typeERSD_
FNDA:69,_ZSt3getILm1EJPNSt7__cxx1118basic_stringstreamIcSt11char_traitsIcESaIcEEESt14default_deleteIS5_EEERNSt13tuple_elementIXT_ESt5tupleIJDpT0_EEE4typeERSD_
FNDA:0,_ZSt3getILm0EJPNSt7__cxx1112basic_stringIcSt11char_traitsIcESaIcEEESt14default_deleteIS5_EEERKNSt13tuple_elementIXT_ESt5tupleIJDpT0_EEE4typeERKSD_
FNDA:621,_ZSt3getILm0EJPNSt7__cxx1118basic_stringstreamIcSt11char_traitsIcESaIcEEESt14default_deleteIS5_EEERKNSt13tuple_elementIXT_ESt5tupleIJDpT0_EEE4typeERKSD_
FNDA:40,_ZNSt10_Head_baseILm0EPNSt7__cxx1112basic_stringIcSt11char_traitsIcESaIcEEELb0EE7_M_headERS7_
FNDA:138,_ZNSt10_Head_baseILm0EPNSt7__cxx1118basic_stringstreamIcSt11char_traitsIcESaIcEEELb0EE7_M_headERS7_
FNDA:0,_ZNSt10_Head_baseILm0EPNSt7__cxx1112basic_stringIcSt11char_traitsIcESaIcEEELb0EE7_M_headERKS7_
FNDA:621,_ZNSt10_Head_baseILm0EPNSt7__cxx1118basic_stringstreamIcSt11char_traitsIcESaIcEEELb0EE7_M_headERKS7_
FNDA:40,_ZNSt11_Tuple_implILm0EJPNSt7__cxx1112basic_stringIcSt11char_traitsIcESaIcEEESt14default_deleteIS5_EEE7_M_headERS9_
FNDA:0,_ZNSt11_Tuple_implILm0EJPNSt7__cxx1118basic_stringstreamIcSt11char_traitsIcESaIcEEESt14default_deleteIS5_EEE7_M_headERS9_
FNDA:0,_ZNSt11_Tuple_implILm0EJPNSt7__cxx1112basic_stringIcSt11char_traitsIcESaIcEEESt14default_deleteIS5_EEE7_M_headERKS9_
FNDA:621,_ZNSt11_Tuple_implILm0EJPNSt7__cxx1118basic_stringstreamIcSt11char_traitsIcESaIcEEESt14default_deleteIS5_EEE7_M_headERKS9_
FNDA:0,_ZNSt11_Tuple_implILm1EJSt14default_deleteINSt7__cxx1112basic_stringIcSt11char_traitsIcESaIcEEEEEE7_M_headERS8_
FNDA:69,_ZNSt11_Tuple_implILm1EJSt14default_deleteINSt7__cxx1118basic_stringstreamIcSt11char_traitsIcESaIcEEEEEE7_M_headERS8_
FNF:24
FNH:13
DA:125,0
DA:234,178
DA:237,621
DA:269,40
DA:272,621
DA:497,69
DA:1773,178
DA:1774,178
DA:1778,621
DA:1779,621
DA:1789,247
DA:1790,247
DA:1795,621
DA:1796,621
LF:14
LH:13
end_of_record
TN:
SF:/usr/local/include/c++/13/x86_64-apple-darwin22/bits/c++config.h
FN:540,551,_ZSt23__is_constant_evaluatedv
FNDA:128,_ZSt23__is_constant_evaluatedv
FNF:1
FNH:1
DA:540,128
DA:547,128
LF:2
LH:2
end_of_record
TN:
SF:/usr/local/include/gtest/gtest-assertion-result.h
FN:171,171,_ZNK7testing15AssertionResultcvbEv
FN:180,182,_ZNK7testing15AssertionResult7messageEv
FN:184,184,_ZNK7testing15AssertionResult15failure_messageEv
FN:188,191,_ZN7testing15AssertionResultlsIA12_cEERS0_RKT_
FN:188,191,_ZN7testing15AssertionResultlsIA3_cEERS0_RKT_
FN:188,191,_ZN7testing15AssertionResultlsIA5_cEERS0_RKT_
FN:188,191,_ZN7testing15AssertionResultlsINSt7__cxx1112basic_stringIcSt11char_traitsIcESaIcEEEEERS0_RKT_
FN:188,191,_ZN7testing15AssertionResultlsIPKcEERS0_RKT_
FN:203,206,_ZN7testing15AssertionResult13AppendMessageERKNS_7MessageE
FNDA:0,_ZNK7testing15AssertionResultcvbEv
FNDA:0,_ZNK7testing15AssertionResult7messageEv
FNDA:0,_ZNK7testing15AssertionResult15failure_messageEv
FNDA:0,_ZN7testing15AssertionResultlsIA12_cEERS0_RKT_
FNDA:0,_ZN7testing15AssertionResultlsIA3_cEERS0_RKT_
FNDA:0,_ZN7testing15AssertionResultlsIA5_cEERS0_RKT_
FNDA:0,_ZN7testing15AssertionResultlsINSt7__cxx1112basic_stringIcSt11char_traitsIcESaIcEEEEERS0_RKT_
FNDA:0,_ZN7testing15AssertionResultlsIPKcEERS0_RKT_
FNDA:0,_ZN7testing15AssertionResult13AppendMessageERKNS_7MessageE
FNF:9
FNH:0
DA:171,0
DA:180,0
DA:181,0
DA:184,0
DA:188,0
DA:189,0
DA:190,0
DA:203,0
DA:204,0
DA:205,0
DA:206,0
LF:11
LH:0
end_of_record
TN:
SF:/usr/local/include/gtest/gtest-message.h
FN:114,132,_ZN7testing7MessagelsIA12_cEERS0_RKT_
FN:114,132,_ZN7testing7MessagelsIA3_cEERS0_RKT_
FN:114,132,_ZN7testing7MessagelsIA5_cEERS0_RKT_
FN:114,132,_ZN7testing7MessagelsINSt7__cxx1112basic_stringIcSt11char_traitsIcESaIcEEEEERS0_RKT_
FN:148,155,_ZN7testing7MessagelsIKcEERS0_RKPT_
FNDA:0,_ZN7testing7MessagelsIA12_cEERS0_RKT_
FNDA:0,_ZN7testing7MessagelsIA3_cEERS0_RKT_
FNDA:0,_ZN7testing7MessagelsIA5_cEERS0_RKT_
FNDA:0,_ZN7testing7MessagelsINSt7__cxx1112basic_stringIcSt11char_traitsIcESaIcEEEEERS0_RKT_
FNDA:21,_ZN7testing7MessagelsIKcEERS0_RKPT_
FNF:5
FNH:1
DA:114,0
DA:130,0
DA:131,0
DA:148,21
DA:149,21
DA:150,0
DA:152,21
DA:154,21
LF:8
LH:4
end_of_record
TN:
SF:/usr/local/include/gtest/gtest-printers.h
FN:1037,1041,_ZN7testing13PrintToStringI10UserActionEENSt7__cxx1112basic_stringIcSt11char_traitsIcESaIcEEERKT_
FN:1037,1041,_ZN7testing13PrintToStringI9DirectionEENSt7__cxx1112basic_stringIcSt11char_traitsIcESaIcEEERKT_
FN:1037,1041,_ZN7testing13PrintToStringI9GameStateEENSt7__cxx1112basic_stringIcSt11char_traitsIcESaIcEEERKT_
FN:1037,1041,_ZN7testing13PrintToStringISt4pairIiiEEENSt7__cxx1112basic_stringIcSt11char_traitsIcESaIcEEERKT_
FN:1037,1041,_ZN7testing13PrintToStringIiEENSt7__cxx1112basic_stringIcSt11char_traitsIcESaIcEEERKT_
FN:1037,1041,_ZN7testing13PrintToStringImEENSt7__cxx1112basic_stringIcSt11char_traitsIcESaIcEEERKT_
FN:213,217,_ZN7testing8internal52internal_stream_operator_without_lexical_name_lookup13StreamPrinter10PrintValueIivRSoEEvRKT_PSo
FN:213,217,_ZN7testing8internal52internal_stream_operator_without_lexical_name_lookup13StreamPrinter10PrintValueImvRSoEEvRKT_PSo
FN:270,276,_ZN7testing8internal15RawBytesPrinter10PrintValueI10UserActionLm4EEEvRKT_PSo
FN:270,276,_ZN7testing8internal15RawBytesPrinter10PrintValueI9DirectionLm4EEEvRKT_PSo
FN:270,276,_ZN7testing8internal15RawBytesPrinter10PrintValueI9GameStateLm4EEEvRKT_PSo
FN:307,314,_ZN7testing8internal17PrintWithFallbackI10UserActionEEvRKT_PSo
FN:307,314,_ZN7testing8internal17PrintWithFallbackI9DirectionEEvRKT_PSo
FN:307,314,_ZN7testing8internal17PrintWithFallbackI9GameStateEEvRKT_PSo
FN:307,314,_ZN7testing8internal17PrintWithFallbackIiEEvRKT_PSo
FN:307,314,_ZN7testing8internal17PrintWithFallbackImEEvRKT_PSo
FN:334,336,_ZN7testing8internal19FormatForComparisonI10UserActionS2_E6FormatB5cxx11ERKS2_
FN:334,336,_ZN7testing8internal19FormatForComparisonI9DirectionS2_E6FormatB5cxx11ERKS2_
FN:334,336,_ZN7testing8internal19FormatForComparisonI9GameStateS2_E6FormatB5cxx11ERKS2_
FN:334,336,_ZN7testing8internal19FormatForComparisonISt4pairIiiES3_E6FormatB5cxx11ERKS3_
FN:334,336,_ZN7testing8internal19FormatForComparisonIiiE6FormatB5cxx11ERKi
FN:334,336,_ZN7testing8internal19FormatForComparisonIimE6FormatB5cxx11ERKi
FN:334,336,_ZN7testing8internal19FormatForComparisonImiE6FormatB5cxx11ERKm
FN:414,417,_ZN7testing8internal33FormatForComparisonFailureMessageI10UserActionS2_EENSt7__cxx1112basic_stringIcSt11char_traitsIcESaIcEEERKT_RKT0_
FN:414,417,_ZN7testing8internal33FormatForComparisonFailureMessageI9DirectionS2_EENSt7__cxx1112basic_stringIcSt11char_traitsIcESaIcEEERKT_RKT0_
FN:414,417,_ZN7testing8internal33FormatForComparisonFailureMessageI9GameStateS2_EENSt7__cxx1112basic_stringIcSt11char_traitsIcESaIcEEERKT_RKT0_
FN:414,417,_ZN7testing8internal33FormatForComparisonFailureMessageISt4pairIiiES3_EENSt7__cxx1112basic_stringIcSt11char_traitsIcESaIcEEERKT_RKT0_
FN:414,417,_ZN7testing8internal33FormatForComparisonFailureMessageIiiEENSt7__cxx1112basic_stringIcSt11char_traitsIcESaIcEEERKT_RKT0_
FN:414,417,_ZN7testing8internal33FormatForComparisonFailureMessageIimEENSt7__cxx1112basic_stringIcSt11char_traitsIcESaIcEEERKT_RKT0_
FN:414,417,_ZN7testing8internal33FormatForComparisonFailureMessageImiEENSt7__cxx1112basic_stringIcSt11char_traitsIcESaIcEEERKT_RKT0_
FN:441,443,_ZN7testing8internal7PrintToI10UserActionEEvRKT_PSo
FN:441,443,_ZN7testing8internal7PrintToI9DirectionEEvRKT_PSo
FN:441,443,_ZN7testing8internal7PrintToI9GameStateEEvRKT_PSo
FN:441,443,_ZN7testing8internal7PrintToIiEEvRKT_PSo
FN:441,443,_ZN7testing8internal7PrintToImEEvRKT_PSo
FN:673,681,_ZN7testing8internal7PrintToIiiEEvRKSt4pairIT_T0_EPSo
FN:695,705,_ZN7testing8internal16UniversalPrinterI10UserActionE5PrintERKS2_PSo
FN:695,705,_ZN7testing8internal16UniversalPrinterI9DirectionE5PrintERKS2_PSo
FN:695,705,_ZN7testing8internal16UniversalPrinterI9GameStateE5PrintERKS2_PSo
FN:695,705,_ZN7testing8internal16UniversalPrinterISt4pairIiiEE5PrintERKS3_PSo
FN:695,705,_ZN7testing8internal16UniversalPrinterIiE5PrintERKiPSo
FN:695,705,_ZN7testing8internal16UniversalPrinterImE5PrintERKmPSo
FN:885,887,_ZN7testing8internal21UniversalTersePrinterI10UserActionE5PrintERKS2_PSo
FN:885,887,_ZN7testing8internal21UniversalTersePrinterI9DirectionE5PrintERKS2_PSo
FN:885,887,_ZN7testing8internal21UniversalTersePrinterI9GameStateE5PrintERKS2_PSo
FN:885,887,_ZN7testing8internal21UniversalTersePrinterISt4pairIiiEE5PrintERKS3_PSo
FN:885,887,_ZN7testing8internal21UniversalTersePrinterIiE5PrintERKiPSo
FN:885,887,_ZN7testing8internal21UniversalTersePrinterImE5PrintERKmPSo
FN:997,1002,_ZN7testing8internal14UniversalPrintI10UserActionEEvRKT_PSo
FN:997,1002,_ZN7testing8internal14UniversalPrintI9DirectionEEvRKT_PSo
FN:997,1002,_ZN7testing8internal14UniversalPrintI9GameStateEEvRKT_PSo
FN:997,1002,_ZN7testing8internal14UniversalPrintISt4pairIiiEEEvRKT_PSo
FN:997,1002,_ZN7testing8internal14UniversalPrintIiEEvRKT_PSo
FN:997,1002,_ZN7testing8internal14UniversalPrintImEEvRKT_PSo
FNDA:0,_ZN7testing13PrintToStringI10UserActionEENSt7__cxx1112basic_stringIcSt11char_traitsIcESaIcEEERKT_
FNDA:0,_ZN7testing13PrintToStringI9DirectionEENSt7__cxx1112basic_stringIcSt11char_traitsIcESaIcEEERKT_
FNDA:0,_ZN7testing13PrintToStringI9GameStateEENSt7__cxx1112basic_stringIcSt11char_traitsIcESaIcEEERKT_
FNDA:0,_ZN7testing13PrintToStringISt4pairIiiEEENSt7__cxx1112basic_stringIcSt11char_traitsIcESaIcEEERKT_
FNDA:0,_ZN7testing13PrintToStringIiEENSt7__cxx1112basic_stringIcSt11char_traitsIcESaIcEEERKT_
FNDA:0,_ZN7testing13PrintToStringImEENSt7__cxx1112basic_stringIcSt11char_traitsIcESaIcEEERKT_
FNDA:0,_ZN7testing8internal52internal_stream_operator_without_lexical_name_lookup13StreamPrinter10PrintValueIivRSoEEvRKT_PSo
FNDA:0,_ZN7testing8internal52internal_stream_operator_without_lexical_name_lookup13StreamPrinter10PrintValueImvRSoEEvRKT_PSo
FNDA:0,_ZN7testing8internal15RawBytesPrinter10PrintValueI10UserActionLm4EEEvRKT_PSo
FNDA:0,_ZN7testing8internal15RawBytesPrinter10PrintValueI9DirectionLm4EEEvRKT_PSo
FNDA:0,_ZN7testing8internal15RawBytesPrinter10PrintValueI9GameStateLm4EEEvRKT_PSo
FNDA:0,_ZN7testing8internal17PrintWithFallbackI10UserActionEEvRKT_PSo
FNDA:0,_ZN7testing8internal17PrintWithFallbackI9DirectionEEvRKT_PSo
FNDA:0,_ZN7testing8internal17PrintWithFallbackI9GameStateEEvRKT_PSo
FNDA:0,_ZN7testing8internal17PrintWithFallbackIiEEvRKT_PSo
FNDA:0,_ZN7testing8internal17PrintWithFallbackImEEvRKT_PSo
FNDA:0,_ZN7testing8internal19FormatForComparisonI10UserActionS2_E6FormatB5cxx11ERKS2_
FNDA:0,_ZN7testing8internal19FormatForComparisonI9DirectionS2_E6FormatB5cxx11ERKS2_
FNDA:0,_ZN7testing8internal19FormatForComparisonI9GameStateS2_E6FormatB5cxx11ERKS2_
FNDA:0,_ZN7testing8internal19FormatForComparisonISt4pairIiiES3_E6FormatB5cxx11ERKS3_
FNDA:0,_ZN7testing8internal19FormatForComparisonIiiE6FormatB5cxx11ERKi
FNDA:0,_ZN7testing8internal19FormatForComparisonIimE6FormatB5cxx11ERKi
FNDA:0,_ZN7testing8internal19FormatForComparisonImiE6FormatB5cxx11ERKm
FNDA:0,_ZN7testing8internal33FormatForComparisonFailureMessageI10UserActionS2_EENSt7__cxx1112basic_stringIcSt11char_traitsIcESaIcEEERKT_RKT0_
FNDA:0,_ZN7testing8internal33FormatForComparisonFailureMessageI9DirectionS2_EENSt7__cxx1112basic_stringIcSt11char_traitsIcESaIcEEERKT_RKT0_
FNDA:0,_ZN7testing8internal33FormatForComparisonFailureMessageI9GameStateS2_EENSt7__cxx1112basic_stringIcSt11char_traitsIcESaIcEEERKT_RKT0_
FNDA:0,_ZN7testing8internal33FormatForComparisonFailureMessageISt4pairIiiES3_EENSt7__cxx1112basic_stringIcSt11char_traitsIcESaIcEEERKT_RKT0_
FNDA:0,_ZN7testing8internal33FormatForComparisonFailureMessageIiiEENSt7__cxx1112basic_stringIcSt11char_traitsIcESaIcEEERKT_RKT0_
FNDA:0,_ZN7testing8internal33FormatForComparisonFailureMessageIimEENSt7__cxx1112basic_stringIcSt11char_traitsIcESaIcEEERKT_RKT0_
FNDA:0,_ZN7testing8internal33FormatForComparisonFailureMessageImiEENSt7__cxx1112basic_stringIcSt11char_traitsIcESaIcEEERKT_RKT0_
FNDA:0,_ZN7testing8internal7PrintToI10UserActionEEvRKT_PSo
FNDA:0,_ZN7testing8internal7PrintToI9DirectionEEvRKT_PSo
FNDA:0,_ZN7testing8internal7PrintToI9GameStateEEvRKT_PSo
FNDA:0,_ZN7testing8internal7PrintToIiEEvRKT_PSo
FNDA:0,_ZN7testing8internal7PrintToImEEvRKT_PSo
FNDA:0,_ZN7testing8internal7PrintToIiiEEvRKSt4pairIT_T0_EPSo
FNDA:0,_ZN7testing8internal16UniversalPrinterI10UserActionE5PrintERKS2_PSo
FNDA:0,_ZN7testing8internal16UniversalPrinterI9DirectionE5PrintERKS2_PSo
FNDA:0,_ZN7testing8internal16UniversalPrinterI9GameStateE5PrintERKS2_PSo
FNDA:0,_ZN7testing8internal16UniversalPrinterISt4pairIiiEE5PrintERKS3_PSo
FNDA:0,_ZN7testing8internal16UniversalPrinterIiE5PrintERKiPSo
FNDA:0,_ZN7testing8internal16UniversalPrinterImE5PrintERKmPSo
FNDA:0,_ZN7testing8internal21UniversalTersePrinterI10UserActionE5PrintERKS2_PSo
FNDA:0,_ZN7testing8internal21UniversalTersePrinterI9DirectionE5PrintERKS2_PSo
FNDA:0,_ZN7testing8internal21UniversalTersePrinterI9GameStateE5PrintERKS2_PSo
FNDA:0,_ZN7testing8internal21UniversalTersePrinterISt4pairIiiEE5PrintERKS3_PSo
FNDA:0,_ZN7testing8internal21UniversalTersePrinterIiE5PrintERKiPSo
FNDA:0,_ZN7testing8internal21UniversalTersePrinterImE5PrintERKmPSo
FNDA:0,_ZN7testing8internal14UniversalPrintI10UserActionEEvRKT_PSo
FNDA:0,_ZN7testing8internal14UniversalPrintI9DirectionEEvRKT_PSo
FNDA:0,_ZN7testing8internal14UniversalPrintI9GameStateEEvRKT_PSo
FNDA:0,_ZN7testing8internal14UniversalPrintISt4pairIiiEEEvRKT_PSo
FNDA:0,_ZN7testing8internal14UniversalPrintIiEEvRKT_PSo
FNDA:0,_ZN7testing8internal14UniversalPrintImEEvRKT_PSo
FNF:54
FNH:0
DA:213,0
DA:216,0
DA:217,0
DA:270,0
DA:271,0
DA:274,0
DA:276,0
DA:307,0
DA:313,0
DA:314,0
DA:334,0
DA:335,0
DA:414,0
DA:416,0
DA:441,0
DA:442,0
DA:443,0
DA:673,0
DA:674,0
DA:677,0
DA:678,0
DA:679,0
DA:680,0
DA:681,0
DA:695,0
DA:704,0
DA:705,0
DA:885,0
DA:886,0
DA:887,0
DA:997,0
DA:1001,0
DA:1002,0
DA:1037,0
DA:1038,0
DA:1039,0
DA:1040,0
DA:1041,0
LF:38
LH:0
end_of_record
TN:
SF:/usr/local/include/gtest/gtest.h
FN:1343,1351,_ZN7testing8internal18CmpHelperEQFailureI10UserActionS2_EENS_15AssertionResultEPKcS5_RKT_RKT0_
FN:1343,1351,_ZN7testing8internal18CmpHelperEQFailureI9DirectionS2_EENS_15AssertionResultEPKcS5_RKT_RKT0_
FN:1343,1351,_ZN7testing8internal18CmpHelperEQFailureI9GameStateS2_EENS_15AssertionResultEPKcS5_RKT_RKT0_
FN:1343,1351,_ZN7testing8internal18CmpHelperEQFailureISt4pairIiiES3_EENS_15AssertionResultEPKcS6_RKT_RKT0_
FN:1343,1351,_ZN7testing8internal18CmpHelperEQFailureIiiEENS_15AssertionResultEPKcS4_RKT_RKT0_
FN:1343,1351,_ZN7testing8internal18CmpHelperEQFailureImiEENS_15AssertionResultEPKcS4_RKT_RKT0_
FN:1362,1371,_ZN7testing8internal11CmpHelperEQI10UserActionS2_EENS_15AssertionResultEPKcS5_RKT_RKT0_
FN:1362,1371,_ZN7testing8internal11CmpHelperEQI9DirectionS2_EENS_15AssertionResultEPKcS5_RKT_RKT0_
FN:1362,1371,_ZN7testing8internal11CmpHelperEQI9GameStateS2_EENS_15AssertionResultEPKcS5_RKT_RKT0_
FN:1362,1371,_ZN7testing8internal11CmpHelperEQISt4pairIiiES3_EENS_15AssertionResultEPKcS6_RKT_RKT0_
FN:1362,1371,_ZN7testing8internal11CmpHelperEQIiiEENS_15AssertionResultEPKcS4_RKT_RKT0_
FN:1362,1371,_ZN7testing8internal11CmpHelperEQImiEENS_15AssertionResultEPKcS4_RKT_RKT0_
FN:1382,1386,_ZN7testing8internal8EqHelper7CompareI10UserActionS3_LPv0EEENS_15AssertionResultEPKcS7_RKT_RKT0_
FN:1382,1386,_ZN7testing8internal8EqHelper7CompareI9DirectionS3_LPv0EEENS_15AssertionResultEPKcS7_RKT_RKT0_
FN:1382,1386,_ZN7testing8internal8EqHelper7CompareI9GameStateS3_LPv0EEENS_15AssertionResultEPKcS7_RKT_RKT0_
FN:1382,1386,_ZN7testing8internal8EqHelper7CompareISt4pairIiiES4_LPv0EEENS_15AssertionResultEPKcS8_RKT_RKT0_
FN:1382,1386,_ZN7testing8internal8EqHelper7CompareIiiLPv0EEENS_15AssertionResultEPKcS6_RKT_RKT0_
FN:1382,1386,_ZN7testing8internal8EqHelper7CompareImiLPv0EEENS_15AssertionResultEPKcS6_RKT_RKT0_
FN:1416,1423,_ZN7testing8internal18CmpHelperOpFailureI9GameStateS2_EENS_15AssertionResultEPKcS5_RKT_RKT0_S5_
FN:1416,1423,_ZN7testing8internal18CmpHelperOpFailureIiiEENS_15AssertionResultEPKcS4_RKT_RKT0_S4_
FN:1445,1445,_ZN7testing8internal11CmpHelperNEI9GameStateS2_EENS_15AssertionResultEPKcS5_RKT_RKT0_
FN:1449,1449,_ZN7testing8internal11CmpHelperLTIiiEENS_15AssertionResultEPKcS4_RKT_RKT0_
FN:1451,1451,_ZN7testing8internal11CmpHelperGEIiiEENS_15AssertionResultEPKcS4_RKT_RKT0_
FN:244,244,_ZN7testing4Test14SetUpTestSuiteEv
FN:252,252,_ZN7testing4Test17TearDownTestSuiteEv
FN:257,257,_ZN7testing4Test16TearDownTestCaseEv
FN:258,258,_ZN7testing4Test13SetUpTestCaseEv
FN:339,339,_ZN7testing4Test5SetupEv
FNDA:0,_ZN7testing8internal18CmpHelperEQFailureI10UserActionS2_EENS_15AssertionResultEPKcS5_RKT_RKT0_
FNDA:0,_ZN7testing8internal18CmpHelperEQFailureI9DirectionS2_EENS_15AssertionResultEPKcS5_RKT_RKT0_
FNDA:0,_ZN7testing8internal18CmpHelperEQFailureI9GameStateS2_EENS_15AssertionResultEPKcS5_RKT_RKT0_
FNDA:0,_ZN7testing8internal18CmpHelperEQFailureISt4pairIiiES3_EENS_15AssertionResultEPKcS6_RKT_RKT0_
FNDA:0,_ZN7testing8internal18CmpHelperEQFailureIiiEENS_15AssertionResultEPKcS4_RKT_RKT0_
FNDA:0,_ZN7testing8internal18CmpHelperEQFailureImiEENS_15AssertionResultEPKcS4_RKT_RKT0_
FNDA:9,_ZN7testing8internal11CmpHelperEQI10UserActionS2_EENS_15AssertionResultEPKcS5_RKT_RKT0_
FNDA:1,_ZN7testing8internal11CmpHelperEQI9DirectionS2_EENS_15AssertionResultEPKcS5_RKT_RKT0_
FNDA:4,_ZN7testing8internal11CmpHelperEQI9GameStateS2_EENS_15AssertionResultEPKcS5_RKT_RKT0_
FNDA:7,_ZN7testing8internal11CmpHelperEQISt4pairIiiES3_EENS_15AssertionResultEPKcS6_RKT_RKT0_
FNDA:12,_ZN7testing8internal11CmpHelperEQIiiEENS_15AssertionResultEPKcS4_RKT_RKT0_
FNDA:1,_ZN7testing8internal11CmpHelperEQImiEENS_15AssertionResultEPKcS4_RKT_RKT0_
FNDA:9,_ZN7testing8internal8EqHelper7CompareI10UserActionS3_LPv0EEENS_15AssertionResultEPKcS7_RKT_RKT0_
FNDA:1,_ZN7testing8internal8EqHelper7CompareI9DirectionS3_LPv0EEENS_15AssertionResultEPKcS7_RKT_RKT0_
FNDA:4,_ZN7testing8internal8EqHelper7CompareI9GameStateS3_LPv0EEENS_15AssertionResultEPKcS7_RKT_RKT0_
FNDA:7,_ZN7testing8internal8EqHelper7CompareISt4pairIiiES4_LPv0EEENS_15AssertionResultEPKcS8_RKT_RKT0_
FNDA:12,_ZN7testing8internal8EqHelper7CompareIiiLPv0EEENS_15AssertionResultEPKcS6_RKT_RKT0_
FNDA:1,_ZN7testing8internal8EqHelper7CompareImiLPv0EEENS_15AssertionResultEPKcS6_RKT_RKT0_
FNDA:0,_ZN7testing8internal18CmpHelperOpFailureI9GameStateS2_EENS_15AssertionResultEPKcS5_RKT_RKT0_S5_
FNDA:0,_ZN7testing8internal18CmpHelperOpFailureIiiEENS_15AssertionResultEPKcS4_RKT_RKT0_S4_
FNDA:2,_ZN7testing8internal11CmpHelperNEI9GameStateS2_EENS_15AssertionResultEPKcS5_RKT_RKT0_
FNDA:2,_ZN7testing8internal11CmpHelperLTIiiEENS_15AssertionResultEPKcS4_RKT_RKT0_
FNDA:2,_ZN7testing8internal11CmpHelperGEIiiEENS_15AssertionResultEPKcS4_RKT_RKT0_
FNDA:0,_ZN7testing4Test14SetUpTestSuiteEv
FNDA:0,_ZN7testing4Test17TearDownTestSuiteEv
FNDA:0,_ZN7testing4Test16TearDownTestCaseEv
FNDA:0,_ZN7testing4Test13SetUpTestCaseEv
FNDA:0,_ZN7testing4Test5SetupEv
FNF:28
FNH:15
DA:244,0
DA:252,0
DA:257,0
DA:258,0
DA:339,0
DA:1343,0
DA:1350,0
DA:1362,34
DA:1366,34
DA:1367,34
DA:1370,0
DA:1382,34
DA:1385,34
DA:1416,0
DA:1420,0
DA:1421,0
DA:1422,0
DA:1445,2
DA:1449,2
DA:1451,2
LF:20
LH:8
end_of_record
TN:
SF:/usr/local/include/gtest/internal/gtest-internal.h
FN:437,443,_ZN7testing8internal9GetTypeIdI14SnakeModelTestEEPKvv
FN:456,456,_ZN7testing8internal15TestFactoryBaseD2Ev
FN:463,463,_ZN7testing8internal15TestFactoryBaseC2Ev
FN:474,474,_ZN7testing8internal15TestFactoryImplI27SnakeModelTest_EatFood_TestE10CreateTestEv
FN:474,474,_ZN7testing8internal15TestFactoryImplI27SnakeModelTest_SetFood_TestE10CreateTestEv
FN:474,474,_ZN7testing8internal15TestFactoryImplI28SnakeModelTest_ExitGame_TestE10CreateTestEv
FN:474,474,_ZN7testing8internal15TestFactoryImplI28SnakeModelTest_GameLoop_TestE10CreateTestEv
FN:474,474,_ZN7testing8internal15TestFactoryImplI29SnakeModelTest_HighScore_TestE10CreateTestEv
FN:474,474,_ZN7testing8internal15TestFactoryImplI29SnakeModelTest_MoveSnake_TestE10CreateTestEv
FN:474,474,_ZN7testing8internal15TestFactoryImplI31SnakeModelTest_MoveSnakeUp_TestE10CreateTestEv
FN:474,474,_ZN7testing8internal15TestFactoryImplI32SnakeModelTest_GetDirection_TestE10CreateTestEv
FN:474,474,_ZN7testing8internal15TestFactoryImplI33SnakeModelTest_LevelIncrease_TestE10CreateTestEv
FN:474,474,_ZN7testing8internal15TestFactoryImplI33SnakeModelTest_MoveSnakeDown_TestE10CreateTestEv
FN:474,474,_ZN7testing8internal15TestFactoryImplI33SnakeModelTest_SpeedIncrease_TestE10CreateTestEv
FN:474,474,_ZN7testing8internal15TestFactoryImplI34SnakeModelTest_FoodGeneration_TestE10CreateTestEv
FN:474,474,_ZN7testing8internal15TestFactoryImplI34SnakeModelTest_GameStatePause_TestE10CreateTestEv
FN:474,474,_ZN7testing8internal15TestFactoryImplI37SnakeModelTest_CollisionWithSelf_TestE10CreateTestEv
FN:474,474,_ZN7testing8internal15TestFactoryImplI37SnakeModelTest_CollisionWithWall_TestE10CreateTestEv
FN:474,474,_ZN7testing8internal15TestFactoryImplI37SnakeModelTest_ConvertUserAction_TestE10CreateTestEv
FN:474,474,_ZN7testing8internal15TestFactoryImplI38SnakeModelTest_InitialSnakeLength_TestE10CreateTestEv
FN:495,496,_ZN7testing8internal12CodeLocationC1ERKNSt7__cxx1112basic_stringIcSt11char_traitsIcESaIcEEEi
FN:508,511,_ZN7testing8internal19GetNotDefaultOrNullEPFvvES2_
FN:523,542,_ZN7testing8internal16SuiteApiResolverI14SnakeModelTestE19GetSetUpCaseOrSuiteEPKci
FN:544,563,_ZN7testing8internal16SuiteApiResolverI14SnakeModelTestE22GetTearDownCaseOrSuiteEPKci
FNDA:17,_ZN7testing8internal9GetTypeIdI14SnakeModelTestEEPKvv
FNDA:0,_ZN7testing8internal15TestFactoryBaseD2Ev
FNDA:0,_ZN7testing8internal15TestFactoryBaseC2Ev
FNDA:1,_ZN7testing8internal15TestFactoryImplI27SnakeModelTest_EatFood_TestE10CreateTestEv
FNDA:1,_ZN7testing8internal15TestFactoryImplI27SnakeModelTest_SetFood_TestE10CreateTestEv
FNDA:1,_ZN7testing8internal15TestFactoryImplI28SnakeModelTest_ExitGame_TestE10CreateTestEv
FNDA:1,_ZN7testing8internal15TestFactoryImplI28SnakeModelTest_GameLoop_TestE10CreateTestEv
FNDA:1,_ZN7testing8internal15TestFactoryImplI29SnakeModelTest_HighScore_TestE10CreateTestEv
FNDA:1,_ZN7testing8internal15TestFactoryImplI29SnakeModelTest_MoveSnake_TestE10CreateTestEv
FNDA:1,_ZN7testing8internal15TestFactoryImplI31SnakeModelTest_MoveSnakeUp_TestE10CreateTestEv
FNDA:1,_ZN7testing8internal15TestFactoryImplI32SnakeModelTest_GetDirection_TestE10CreateTestEv
FNDA:1,_ZN7testing8internal15TestFactoryImplI33SnakeModelTest_LevelIncrease_TestE10CreateTestEv
FNDA:1,_ZN7testing8internal15TestFactoryImplI33SnakeModelTest_MoveSnakeDown_TestE10CreateTestEv
FNDA:1,_ZN7testing8internal15TestFactoryImplI33SnakeModelTest_SpeedIncrease_TestE10CreateTestEv
FNDA:1,_ZN7testing8internal15TestFactoryImplI34SnakeModelTest_FoodGeneration_TestE10CreateTestEv
FNDA:1,_ZN7testing8internal15TestFactoryImplI34SnakeModelTest_GameStatePause_TestE10CreateTestEv
FNDA:1,_ZN7testing8internal15TestFactoryImplI37SnakeModelTest_CollisionWithSelf_TestE10CreateTestEv
FNDA:1,_ZN7testing8internal15TestFactoryImplI37SnakeModelTest_CollisionWithWall_TestE10CreateTestEv
FNDA:1,_ZN7testing8internal15TestFactoryImplI37SnakeModelTest_ConvertUserAction_TestE10CreateTestEv
FNDA:1,_ZN7testing8internal15TestFactoryImplI38SnakeModelTest_InitialSnakeLength_TestE10CreateTestEv
FNDA:17,_ZN7testing8internal12CodeLocationC1ERKNSt7__cxx1112basic_stringIcSt11char_traitsIcESaIcEEEi
FNDA:68,_ZN7testing8internal19GetNotDefaultOrNullEPFvvES2_
FNDA:17,_ZN7testing8internal16SuiteApiResolverI14SnakeModelTestE19GetSetUpCaseOrSuiteEPKci
FNDA:17,_ZN7testing8internal16SuiteApiResolverI14SnakeModelTestE22GetTearDownCaseOrSuiteEPKci
FNF:24
FNH:22
DA:437,17
DA:442,17
DA:456,0
DA:463,0
DA:474,17
DA:495,17
DA:496,17
DA:508,68
DA:510,68
DA:523,17
DA:527,17
DA:529,17
DA:531,17
DA:534,0
DA:536,17
DA:544,17
DA:548,17
DA:550,17
DA:552,17
DA:555,0
DA:557,17
LF:21
LH:17
end_of_record
TN:
SF:/usr/local/include/gtest/internal/gtest-port.h
FN:973,973,_ZN7testing8internal8GTestLog9GetStreamEv
FNDA:0,_ZN7testing8internal8GTestLog9GetStreamEv
FNF:1
FNH:0
DA:973,0
LF:1
LH:0
end_of_record
