TN:
SF:/Users/jocastab/Projects/CPP3_BrickGame_v2.0/src/brick_game/snake/SnakeModel.cpp
FN:104,112,_ZN3s2110SnakeModel8initGameEv
FN:11,13,_ZN3s2110SnakeModel12setDirectionE9Direction
FN:115,118,_ZN3s2110SnakeModel9startGameEv
FN:121,124,_ZN3s2110SnakeModel8exitGameEv
FN:128,135,_ZN3s2110SnakeModel11updateSnakeE9Direction
FN:138,144,_ZN3s2110SnakeModel10loadRecordEv
FN:147,153,_ZN3s2110SnakeModel10saveRecordEv
FN:157,159,_ZNK3s2110SnakeModel12getDirectionEv
FN:163,165,_ZNK3s2110SnakeModel8getSnakeEv
FN:169,171,_ZNK3s2110SnakeModel7getFoodEv
FN:17,26,_ZN3s2110SnakeModel10getNewHeadEv
FN:175,186,_ZN3s2110SnakeModel7addFoodEv
FN:189,194,_ZN3s2110SnakeModel9initSnakeEv
FN:199,208,_ZN3s2110SnakeModel11getGameInfoEP10GameInfo_t
FN:212,214,_ZN3s2110SnakeModel8getSpeedEv
FN:218,222,_ZN3s2110SnakeModel9saveSnakeEP10GameInfo_t
FN:226,228,_ZN3s2110SnakeModel8saveFoodEP10GameInfo_t
FN:232,238,_ZN3s2110SnakeModel10clearFieldEP10GameInfo_t
FN:241,243,_ZN3s2110SnakeModel8gameLoopEPb
FN:247,249,_ZNK3s2110SnakeModel8getStateEv
FN:251,253,_ZNK3s2110SnakeModel8getLevelEv
FN:255,257,_ZNK3s2110SnakeModel8getScoreEv
FN:259,261,_ZNK3s2110SnakeModel12getHighScoreEv
FN:263,265,_ZN3s2110SnakeModel7setFoodESt4pairIiiE
FN:31,34,_ZN3s2110SnakeModel15checkIsCollapseESt4pairIiiE
FN:38,42,_ZN3s2110SnakeModel9moveSnakeESt4pairIiiE
FN:45,48,_ZN3s2110SnakeModel7eatFoodEv
FN:51,55,_ZN3s2110SnakeModel13increaseScoreEv
FN:58,60,_ZN3s2110SnakeModel13increaseLevelEv
FN:63,65,_ZN3s2110SnakeModel17increaseHighScoreEv
FN:69,83,_ZN3s2110SnakeModel11updateModelE10UserActionPb
FN:88,101,_ZN3s2110SnakeModel17convertUserActionE12UserAction_t
FNDA:22,_ZN3s2110SnakeModel8initGameEv
FNDA:42,_ZN3s2110SnakeModel12setDirectionE9Direction
FNDA:22,_ZN3s2110SnakeModel9startGameEv
FNDA:1,_ZN3s2110SnakeModel8exitGameEv
FNDA:29,_ZN3s2110SnakeModel11updateSnakeE9Direction
FNDA:22,_ZN3s2110SnakeModel10loadRecordEv
FNDA:1,_ZN3s2110SnakeModel10saveRecordEv
FNDA:1,_ZNK3s2110SnakeModel12getDirectionEv
FNDA:25,_ZNK3s2110SnakeModel8getSnakeEv
FNDA:2,_ZNK3s2110SnakeModel7getFoodEv
FNDA:29,_ZN3s2110SnakeModel10getNewHeadEv
FNDA:33,_ZN3s2110SnakeModel7addFoodEv
FNDA:22,_ZN3s2110SnakeModel9initSnakeEv
FNDA:0,_ZN3s2110SnakeModel11getGameInfoEP10GameInfo_t
FNDA:2,_ZN3s2110SnakeModel8getSpeedEv
FNDA:0,_ZN3s2110SnakeModel9saveSnakeEP10GameInfo_t
FNDA:0,_ZN3s2110SnakeModel8saveFoodEP10GameInfo_t
FNDA:0,_ZN3s2110SnakeModel10clearFieldEP10GameInfo_t
FNDA:1,_ZN3s2110SnakeModel8gameLoopEPb
FNDA:6,_ZNK3s2110SnakeModel8getStateEv
FNDA:1,_ZNK3s2110SnakeModel8getLevelEv
FNDA:37,_ZNK3s2110SnakeModel8getScoreEv
FNDA:4,_ZNK3s2110SnakeModel12getHighScoreEv
FNDA:12,_ZN3s2110SnakeModel7setFoodESt4pairIiiE
FNDA:29,_ZN3s2110SnakeModel15checkIsCollapseESt4pairIiiE
FNDA:23,_ZN3s2110SnakeModel9moveSnakeESt4pairIiiE
FNDA:11,_ZN3s2110SnakeModel7eatFoodEv
FNDA:43,_ZN3s2110SnakeModel13increaseScoreEv
FNDA:43,_ZN3s2110SnakeModel13increaseLevelEv
FNDA:43,_ZN3s2110SnakeModel17increaseHighScoreEv
FNDA:3,_ZN3s2110SnakeModel11updateModelE10UserActionPb
FNDA:9,_ZN3s2110SnakeModel17convertUserActionE12UserAction_t
FNF:32
FNH:28
DA:11,42
DA:12,42
DA:13,42
DA:17,29
DA:18,29
DA:19,29
DA:20,2
DA:21,2
DA:22,1
DA:23,24
DA:25,29
DA:31,29
DA:32,54
DA:33,54
DA:38,23
DA:39,23
DA:40,23
DA:41,12
DA:42,23
DA:45,11
DA:46,11
DA:47,11
DA:48,11
DA:51,43
DA:52,43
DA:53,43
DA:54,43
DA:55,43
DA:58,43
DA:59,43
DA:60,43
DA:63,43
DA:64,43
DA:65,43
DA:69,3
DA:70,3
DA:71,1
DA:72,1
DA:73,2
DA:74,2
DA:75,2
DA:76,2
DA:77,2
DA:78,2
DA:79,2
DA:80,2
DA:82,3
DA:83,3
DA:88,9
DA:89,9
DA:90,1
DA:91,1
DA:92,1
DA:93,1
DA:94,1
DA:95,1
DA:96,1
DA:97,1
DA:98,1
DA:99,0
DA:104,22
DA:105,22
DA:106,22
DA:107,22
DA:108,22
DA:109,22
DA:110,22
DA:111,22
DA:112,22
DA:115,22
DA:116,22
DA:117,22
DA:118,22
DA:121,1
DA:122,1
DA:123,1
DA:124,1
DA:128,29
DA:129,29
DA:130,29
DA:131,29
DA:132,23
DA:133,23
DA:134,6
DA:135,29
DA:138,22
DA:139,22
DA:140,22
DA:141,22
DA:142,22
DA:143,0
DA:144,22
DA:147,1
DA:148,1
DA:149,1
DA:150,1
DA:151,1
DA:153,1
DA:157,1
DA:158,1
DA:163,25
DA:164,25
DA:169,2
DA:170,2
DA:175,33
DA:176,33
DA:177,33
DA:178,33
DA:179,33
DA:180,33
DA:183,35
DA:184,35
DA:185,33
DA:186,33
DA:189,22
DA:190,22
DA:191,22
DA:192,22
DA:193,22
DA:194,22
DA:199,0
DA:200,0
DA:201,0
DA:202,0
DA:203,0
DA:204,0
DA:205,0
DA:206,0
DA:207,0
DA:208,0
DA:212,2
DA:213,2
DA:218,0
DA:219,0
DA:220,0
DA:222,0
DA:226,0
DA:227,0
DA:228,0
DA:232,0
DA:233,0
DA:234,0
DA:235,0
DA:238,0
DA:241,1
DA:242,1
DA:243,1
DA:247,6
DA:248,6
DA:251,1
DA:252,1
DA:255,37
DA:256,37
DA:259,4
DA:260,4
DA:263,12
DA:264,12
DA:265,12
LF:158
LH:134
end_of_record
TN:
SF:/Users/jocastab/Projects/CPP3_BrickGame_v2.0/src/brick_game/snake/SnakeModel.h
FN:22,22,_ZN3s2110SnakeModelC1Eii
FNDA:17,_ZN3s2110SnakeModelC1Eii
FNF:1
FNH:1
DA:22,17
LF:1
LH:1
end_of_record
